Watching for file changes with StatReloader
Waiting for apps ready_event.
Apps ready_event triggered. Sending autoreload_started signal.
Watching dir C:\Users\0405\AppData\Roaming\Python\Python312\site-packages\rest_framework\templates with glob **/*.
Watching dir C:\Licenta\WorkTimeManager\backend\locale with glob **/*.mo.
Watching dir C:\Licenta\WorkTimeManager\backend\worktimemanager\locale with glob **/*.mo.
Watching dir C:\Users\0405\AppData\Roaming\Python\Python312\site-packages\corsheaders\locale with glob **/*.mo.
Watching dir C:\Users\0405\AppData\Roaming\Python\Python312\site-packages\rest_framework\locale with glob **/*.mo.
Watching dir C:\Users\0405\AppData\Roaming\Python\Python312\site-packages\rest_framework\authtoken\locale with glob **/*.mo.
(0.016) 
            SELECT
                c.relname,
                CASE
                    WHEN c.relispartition THEN 'p'
                    WHEN c.relkind IN ('m', 'v') THEN 'v'
                    ELSE 't'
                END,
                obj_description(c.oid, 'pg_class')
            FROM pg_catalog.pg_class c
            LEFT JOIN pg_catalog.pg_namespace n ON n.oid = c.relnamespace
            WHERE c.relkind IN ('f', 'm', 'p', 'r', 'v')
                AND n.nspname NOT IN ('pg_catalog', 'pg_toast')
                AND pg_catalog.pg_table_is_visible(c.oid)
        ; args=None; alias=default
(0.000) SELECT "django_migrations"."id", "django_migrations"."app", "django_migrations"."name", "django_migrations"."applied" FROM "django_migrations"; args=(); alias=default
File C:\Program Files\Python312\Lib\warnings.py first seen with mtime 1696245958.0
File C:\Users\0405\AppData\Roaming\Python\Python312\site-packages\asgiref\local.py first seen with mtime 1707916921.1564944
File C:\Users\0405\AppData\Roaming\Python\Python312\site-packages\charset_normalizer\version.py first seen with mtime 1696611205.4722953
File C:\Users\0405\AppData\Roaming\Python\Python312\site-packages\psycopg2\_ipaddress.py first seen with mtime 1707919892.298418
File C:\Users\0405\AppData\Roaming\Python\Python312\site-packages\markupsafe\_speedups.cp312-win_amd64.pyd first seen with mtime 1697884624.196159
File C:\Users\0405\AppData\Roaming\Python\Python312\site-packages\psycopg2\_range.py first seen with mtime 1707919892.3429973
File C:\Program Files\Python312\Lib\csv.py first seen with mtime 1696245958.0
File C:\Users\0405\AppData\Roaming\Python\Python312\site-packages\django\views\decorators\__init__.py first seen with mtime 1707916926.82494
File C:\Users\0405\AppData\Roaming\Python\Python312\site-packages\charset_normalizer\cd.py first seen with mtime 1696611205.4566753
File C:\Licenta\WorkTimeManager\backend\manage.py first seen with mtime 1708175925.1826956
File C:\Program Files\Python312\Lib\asyncio\selector_events.py first seen with mtime 1696245958.0
File C:\Users\0405\AppData\Roaming\Python\Python312\site-packages\django\core\files\base.py first seen with mtime 1707916926.2815301
File C:\Users\0405\AppData\Roaming\Python\Python312\site-packages\django\db\models\query.py first seen with mtime 1707916926.4978025
File C:\Users\0405\AppData\Roaming\Python\Python312\site-packages\sqlparse\filters\right_margin.py first seen with mtime 1707916920.4720356
File C:\Users\0405\AppData\Roaming\Python\Python312\site-packages\psycopg2\extras.py first seen with mtime 1707919892.3501387
File C:\Licenta\WorkTimeManager\backend\worktimemanager\__init__.py first seen with mtime 1708088315.3033507
File C:\Users\0405\AppData\Roaming\Python\Python312\site-packages\sqlparse\engine\statement_splitter.py first seen with mtime 1707916920.4650548
File C:\Program Files\Python312\Lib\glob.py first seen with mtime 1696245958.0
File C:\Users\0405\AppData\Roaming\Python\Python312\site-packages\urllib3\util\ssl_.py first seen with mtime 1696611204.8613522
File C:\Users\0405\AppData\Roaming\Python\Python312\site-packages\django\contrib\admin\sites.py first seen with mtime 1707916922.2454333
File C:\Users\0405\AppData\Roaming\Python\Python312\site-packages\django\db\models\fields\__init__.py first seen with mtime 1707916926.503587
File C:\Users\0405\AppData\Roaming\Python\Python312\site-packages\django\db\backends\base\__init__.py first seen with mtime 1707916926.3786528
File C:\Program Files\Python312\Lib\numbers.py first seen with mtime 1696245958.0
File C:\Users\0405\AppData\Roaming\Python\Python312\site-packages\django\db\models\manager.py first seen with mtime 1707916926.4936137
File C:\Users\0405\AppData\Roaming\Python\Python312\site-packages\urllib3\poolmanager.py first seen with mtime 1696611204.8373694
File C:\Users\0405\AppData\Roaming\Python\Python312\site-packages\sqlparse\filters\aligned_indent.py first seen with mtime 1707916920.467649
File C:\Users\0405\AppData\Roaming\Python\Python312\site-packages\pytz\tzfile.py first seen with mtime 1708082773.4831338
File C:\Users\0405\AppData\Roaming\Python\Python312\site-packages\sqlparse\utils.py first seen with mtime 1707916920.4614992
File C:\Users\0405\AppData\Roaming\Python\Python312\site-packages\django\db\models\fields\files.py first seen with mtime 1707916926.5048914
File C:\Users\0405\AppData\Roaming\Python\Python312\site-packages\urllib3\util\ssltransport.py first seen with mtime 1696611204.869347
File C:\Users\0405\AppData\Roaming\Python\Python312\site-packages\rest_framework_simplejwt\exceptions.py first seen with mtime 1708376834.2590952
File C:\Users\0405\AppData\Roaming\Python\Python312\site-packages\django\templatetags\i18n.py first seen with mtime 1707916926.7367527
File C:\Users\0405\AppData\Roaming\Python\Python312\site-packages\idna\core.py first seen with mtime 1696611205.2561824
File C:\Users\0405\AppData\Roaming\Python\Python312\site-packages\django\conf\__init__.py first seen with mtime 1707916921.5843546
File C:\Program Files\Python312\Lib\ctypes\_endian.py first seen with mtime 1696245958.0
File C:\Users\0405\AppData\Roaming\Python\Python312\site-packages\django\utils\asyncio.py first seen with mtime 1707916926.7667038
File C:\Users\0405\AppData\Roaming\Python\Python312\site-packages\django\template\response.py first seen with mtime 1707916926.714765
File C:\Users\0405\AppData\Roaming\Python\Python312\site-packages\django\contrib\contenttypes\apps.py first seen with mtime 1707916923.7540443
File C:\Users\0405\AppData\Roaming\Python\Python312\site-packages\django\db\backends\ddl_references.py first seen with mtime 1707916926.3748927
File C:\Users\0405\AppData\Roaming\Python\Python312\site-packages\django\test\__init__.py first seen with mtime 1707916926.7417076
File C:\Users\0405\AppData\Roaming\Python\Python312\site-packages\rest_framework\compat.py first seen with mtime 1708082774.604292
File C:\Users\0405\AppData\Roaming\Python\Python312\site-packages\rest_framework\views.py first seen with mtime 1708082774.6619189
File C:\Program Files\Python312\Lib\asyncio\__init__.py first seen with mtime 1696245958.0
File C:\Users\0405\AppData\Roaming\Python\Python312\site-packages\django\contrib\postgres\fields\__init__.py first seen with mtime 1707916925.0123856
File C:\Users\0405\AppData\Roaming\Python\Python312\site-packages\django\contrib\sessions\base_session.py first seen with mtime 1707916925.5503843
File C:\Users\0405\AppData\Roaming\Python\Python312\site-packages\django\db\models\constants.py first seen with mtime 1707916926.4762766
File C:\Users\0405\AppData\Roaming\Python\Python312\site-packages\django\db\models\utils.py first seen with mtime 1707916926.5015936
File C:\Users\0405\AppData\Roaming\Python\Python312\site-packages\django\db\backends\postgresql\features.py first seen with mtime 1707916926.4280884
File C:\Program Files\Python312\Lib\email\policy.py first seen with mtime 1696245958.0
File C:\Users\0405\AppData\Roaming\Python\Python312\site-packages\jinja2\__init__.py first seen with mtime 1697884625.760253
File C:\Program Files\Python312\Lib\socketserver.py first seen with mtime 1696245958.0
File C:\Users\0405\AppData\Roaming\Python\Python312\site-packages\django\template\loaders\base.py first seen with mtime 1707916926.7285078
File C:\Users\0405\AppData\Roaming\Python\Python312\site-packages\django\conf\urls\static.py first seen with mtime 1707916922.2274952
File C:\Program Files\Python312\Lib\asyncio\timeouts.py first seen with mtime 1696245958.0
File C:\Program Files\Python312\Lib\re\__init__.py first seen with mtime 1696245958.0
File C:\Program Files\Python312\Lib\json\decoder.py first seen with mtime 1696245958.0
File C:\Users\0405\AppData\Roaming\Python\Python312\site-packages\sqlparse\tokens.py first seen with mtime 1707916920.460518
File C:\Program Files\Python312\Lib\logging\config.py first seen with mtime 1696245958.0
File C:\Program Files\Python312\Lib\locale.py first seen with mtime 1696245958.0
File C:\Users\0405\AppData\Roaming\Python\Python312\site-packages\django\utils\_os.py first seen with mtime 1707916926.7645626
File C:\Users\0405\AppData\Roaming\Python\Python312\site-packages\django\core\checks\caches.py first seen with mtime 1707916926.2549539
File C:\Program Files\Python312\Lib\encodings\idna.py first seen with mtime 1696245958.0
File C:\Users\0405\AppData\Roaming\Python\Python312\site-packages\jinja2\loaders.py first seen with mtime 1697884625.798002
File C:\Users\0405\AppData\Roaming\Python\Python312\site-packages\django\core\files\storage\filesystem.py first seen with mtime 1707916926.2939425
File C:\Program Files\Python312\Lib\platform.py first seen with mtime 1696245958.0
File C:\Users\0405\AppData\Roaming\Python\Python312\site-packages\django\http\__init__.py first seen with mtime 1707916926.6739798
File C:\Program Files\Python312\Lib\asyncio\streams.py first seen with mtime 1696245958.0
File C:\Users\0405\AppData\Roaming\Python\Python312\site-packages\django\test\signals.py first seen with mtime 1707916926.74982
File C:\Users\0405\AppData\Roaming\Python\Python312\site-packages\rest_framework\utils\encoders.py first seen with mtime 1708082775.0553176
File C:\Users\0405\AppData\Roaming\Python\Python312\site-packages\requests\compat.py first seen with mtime 1696611205.7252538
File C:\Program Files\Python312\Lib\ctypes\wintypes.py first seen with mtime 1696245958.0
File C:\Program Files\Python312\Lib\concurrent\futures\__init__.py first seen with mtime 1696245958.0
File C:\Users\0405\AppData\Roaming\Python\Python312\site-packages\django\db\models\fields\generated.py first seen with mtime 1707916926.5059743
File C:\Users\0405\AppData\Roaming\Python\Python312\site-packages\django\core\files\move.py first seen with mtime 1707916926.2850676
File C:\Users\0405\AppData\Roaming\Python\Python312\site-packages\django\contrib\auth\apps.py first seen with mtime 1707916923.4031103
File C:\Program Files\Python312\Lib\asyncio\trsock.py first seen with mtime 1696245958.0
File C:\Program Files\Python312\Lib\concurrent\__init__.py first seen with mtime 1696245958.0
File C:\Program Files\Python312\Lib\xml\dom\minicompat.py first seen with mtime 1696245958.0
File C:\Program Files\Python312\Lib\asyncio\mixins.py first seen with mtime 1696245958.0
File C:\Program Files\Python312\Lib\types.py first seen with mtime 1696245958.0
File C:\Users\0405\AppData\Roaming\Python\Python312\site-packages\requests\exceptions.py first seen with mtime 1696611205.7252538
File C:\Users\0405\AppData\Roaming\Python\Python312\site-packages\rest_framework\authtoken\__init__.py first seen with mtime 1708082774.6666076
File C:\Users\0405\AppData\Roaming\Python\Python312\site-packages\django\template\loader_tags.py first seen with mtime 1707916926.713769
File C:\Users\0405\AppData\Roaming\Python\Python312\site-packages\django\utils\ipv6.py first seen with mtime 1707916926.793983
File C:\Users\0405\AppData\Roaming\Python\Python312\site-packages\jinja2\lexer.py first seen with mtime 1697884625.791486
File C:\Users\0405\AppData\Roaming\Python\Python312\site-packages\django\forms\models.py first seen with mtime 1707916926.5497346
File C:\Program Files\Python312\Lib\asyncio\windows_utils.py first seen with mtime 1696245958.0
File C:\Program Files\Python312\Lib\wsgiref\handlers.py first seen with mtime 1696245958.0
File C:\Users\0405\AppData\Roaming\Python\Python312\site-packages\django\template\backends\django.py first seen with mtime 1707916926.7215025
File C:\Users\0405\AppData\Roaming\Python\Python312\site-packages\django\utils\datastructures.py first seen with mtime 1707916926.7709332
File C:\Users\0405\AppData\Roaming\Python\Python312\site-packages\django\contrib\sessions\__init__.py first seen with mtime 1707916925.547926
File C:\Users\0405\AppData\Roaming\Python\Python312\site-packages\django\core\checks\compatibility\django_4_0.py first seen with mtime 1707916926.2685778
File C:\Program Files\Python312\DLLs\_uuid.pyd first seen with mtime 1696246028.0
File C:\Users\0405\AppData\Roaming\Python\Python312\site-packages\django\contrib\messages\utils.py first seen with mtime 1707916924.9884882
File C:\Users\0405\AppData\Roaming\Python\Python312\site-packages\rest_framework\utils\formatting.py first seen with mtime 1708082775.0580478
File C:\Users\0405\AppData\Roaming\Python\Python312\site-packages\django\utils\dateparse.py first seen with mtime 1707916926.7767718
File C:\Users\0405\AppData\Roaming\Python\Python312\site-packages\requests\models.py first seen with mtime 1696611205.733248
File C:\Users\0405\AppData\Roaming\Python\Python312\site-packages\django\core\management\sql.py first seen with mtime 1707916926.3174427
File C:\Users\0405\AppData\Roaming\Python\Python312\site-packages\django\utils\duration.py first seen with mtime 1707916926.7832775
File C:\Users\0405\AppData\Roaming\Python\Python312\site-packages\django\utils\timesince.py first seen with mtime 1707916926.8072102
File C:\Program Files\Python312\Lib\importlib\resources\_adapters.py first seen with mtime 1696245958.0
File C:\Users\0405\AppData\Roaming\Python\Python312\site-packages\django\contrib\messages\api.py first seen with mtime 1707916924.982052
File C:\Users\0405\AppData\Roaming\Python\Python312\site-packages\django\utils\regex_helper.py first seen with mtime 1707916926.803716
File C:\Users\0405\AppData\Roaming\Python\Python312\site-packages\rest_framework\utils\__init__.py first seen with mtime 1708082775.0517612
File C:\Users\0405\AppData\Roaming\Python\Python312\site-packages\requests\certs.py first seen with mtime 1696611205.7252538
File C:\Users\0405\AppData\Roaming\Python\Python312\site-packages\django\utils\formats.py first seen with mtime 1707916926.7865682
File C:\Program Files\Python312\Lib\unittest\__init__.py first seen with mtime 1696245958.0
File C:\Users\0405\AppData\Roaming\Python\Python312\site-packages\django\views\debug.py first seen with mtime 1707916926.8201766
File C:\Users\0405\AppData\Roaming\Python\Python312\site-packages\rest_framework\mixins.py first seen with mtime 1708082774.619128
File C:\Users\0405\AppData\Roaming\Python\Python312\site-packages\django\contrib\contenttypes\views.py first seen with mtime 1707916923.7605493
File C:\Program Files\Python312\Lib\dis.py first seen with mtime 1696245958.0
File C:\Users\0405\AppData\Roaming\Python\Python312\site-packages\django\db\backends\base\validation.py first seen with mtime 1707916926.3913848
File C:\Users\0405\AppData\Roaming\Python\Python312\site-packages\django\contrib\postgres\forms\__init__.py first seen with mtime 1707916925.0199418
File C:\Users\0405\AppData\Roaming\Python\Python312\site-packages\django\contrib\admin\checks.py first seen with mtime 1707916922.2344325
File C:\Program Files\Python312\Lib\json\__init__.py first seen with mtime 1696245958.0
File C:\Users\0405\AppData\Roaming\Python\Python312\site-packages\django\utils\numberformat.py first seen with mtime 1707916926.8027198
File C:\Program Files\Python312\Lib\urllib\error.py first seen with mtime 1696245958.0
File C:\Program Files\Python312\Lib\signal.py first seen with mtime 1696245958.0
File C:\Users\0405\AppData\Roaming\Python\Python312\site-packages\django\contrib\auth\decorators.py first seen with mtime 1707916923.4102664
File C:\Users\0405\AppData\Roaming\Python\Python312\site-packages\rest_framework\authtoken\apps.py first seen with mtime 1708082774.6708834
File C:\Users\0405\AppData\Roaming\Python\Python312\site-packages\django\core\__init__.py first seen with mtime 1707916926.22661
File C:\Program Files\Python312\Lib\encodings\__init__.py first seen with mtime 1696245958.0
File C:\Users\0405\AppData\Roaming\Python\Python312\site-packages\django\contrib\auth\password_validation.py first seen with mtime 1707916923.4154387
File C:\Program Files\Python312\Lib\stringprep.py first seen with mtime 1696245958.0
File C:\Program Files\Python312\Lib\email\base64mime.py first seen with mtime 1696245958.0
File C:\Users\0405\AppData\Roaming\Python\Python312\site-packages\rest_framework\renderers.py first seen with mtime 1708082774.6313567
File C:\Users\0405\AppData\Roaming\Python\Python312\site-packages\rest_framework\utils\json.py first seen with mtime 1708082775.0619235
File C:\Users\0405\AppData\Roaming\Python\Python312\site-packages\psycopg2\_psycopg.cp312-win_amd64.pyd first seen with mtime 1707919892.3413405
File C:\Program Files\Python312\Lib\importlib\metadata\_itertools.py first seen with mtime 1696245958.0
File C:\Users\0405\AppData\Roaming\Python\Python312\site-packages\django\contrib\admin\filters.py first seen with mtime 1707916922.2388475
File C:\Users\0405\AppData\Roaming\Python\Python312\site-packages\django\contrib\admindocs\__init__.py first seen with mtime 1707916923.0908318
File C:\Users\0405\AppData\Roaming\Python\Python312\site-packages\django\contrib\staticfiles\management\commands\runserver.py first seen with mtime 1707916926.2216938
File C:\Users\0405\AppData\Roaming\Python\Python312\site-packages\django\core\files\storage\memory.py first seen with mtime 1707916926.2959845
File C:\Users\0405\AppData\Roaming\Python\Python312\site-packages\urllib3\_collections.py first seen with mtime 1696611204.8293731
File C:\Users\0405\AppData\Roaming\Python\Python312\site-packages\rest_framework\reverse.py first seen with mtime 1708082774.6389358
File C:\Users\0405\AppData\Roaming\Python\Python312\site-packages\rest_framework_simplejwt\utils.py first seen with mtime 1708376834.2700658
File C:\Program Files\Python312\Lib\traceback.py first seen with mtime 1696245958.0
File C:\Program Files\Python312\Lib\urllib\__init__.py first seen with mtime 1696245958.0
File C:\Users\0405\AppData\Roaming\Python\Python312\site-packages\rest_framework\utils\humanize_datetime.py first seen with mtime 1708082775.0606325
File C:\Users\0405\AppData\Roaming\Python\Python312\site-packages\django\core\files\images.py first seen with mtime 1707916926.2826705
File C:\Users\0405\AppData\Roaming\Python\Python312\site-packages\django\contrib\messages\constants.py first seen with mtime 1707916924.984358
File C:\Users\0405\AppData\Roaming\Python\Python312\site-packages\django\contrib\postgres\validators.py first seen with mtime 1707916925.0070887
File C:\Users\0405\AppData\Roaming\Python\Python312\site-packages\django\utils\__init__.py first seen with mtime 1707916926.763117
File C:\Program Files\Python312\Lib\_markupbase.py first seen with mtime 1696245958.0
File C:\Program Files\Python312\Lib\opcode.py first seen with mtime 1696245958.0
File C:\Program Files\Python312\Lib\ast.py first seen with mtime 1696245958.0
File C:\Users\0405\AppData\Roaming\Python\Python312\site-packages\django\contrib\postgres\fields\utils.py first seen with mtime 1707916925.0186384
File C:\Program Files\Python312\Lib\email\header.py first seen with mtime 1696245958.0
File C:\Users\0405\AppData\Roaming\Python\Python312\site-packages\django\contrib\messages\__init__.py first seen with mtime 1707916924.98088
File C:\Program Files\Python312\Lib\operator.py first seen with mtime 1696245958.0
File C:\Users\0405\AppData\Roaming\Python\Python312\site-packages\urllib3\util\response.py first seen with mtime 1696611204.8613522
File C:\Users\0405\AppData\Roaming\Python\Python312\site-packages\django\views\generic\list.py first seen with mtime 1707916926.839743
File C:\Users\0405\AppData\Roaming\Python\Python312\site-packages\requests\adapters.py first seen with mtime 1696611205.7172601
File C:\Users\0405\AppData\Roaming\Python\Python312\site-packages\django\utils\crypto.py first seen with mtime 1707916926.7709332
File C:\Users\0405\AppData\Roaming\Python\Python312\site-packages\idna\idnadata.py first seen with mtime 1696611205.2561824
File C:\Program Files\Python312\Lib\linecache.py first seen with mtime 1696245958.0
File C:\Users\0405\AppData\Roaming\Python\Python312\site-packages\urllib3\util\util.py first seen with mtime 1696611204.869347
File C:\Program Files\Python312\Lib\graphlib.py first seen with mtime 1696245958.0
File C:\Users\0405\AppData\Roaming\Python\Python312\site-packages\rest_framework_simplejwt\token_blacklist\__init__.py first seen with mtime 1708376834.3973277
File C:\Users\0405\AppData\Roaming\Python\Python312\site-packages\django\contrib\admin\templatetags\admin_urls.py first seen with mtime 1707916923.0825157
File C:\Users\0405\AppData\Roaming\Python\Python312\site-packages\django\db\models\fields\proxy.py first seen with mtime 1707916926.5095532
File C:\Users\0405\AppData\Roaming\Python\Python312\site-packages\requests\cookies.py first seen with mtime 1696611205.7252538
File C:\Program Files\Python312\Lib\asyncio\tasks.py first seen with mtime 1696245958.0
File C:\Users\0405\AppData\Roaming\Python\Python312\site-packages\urllib3\util\connection.py first seen with mtime 1696611204.853359
File C:\Users\0405\AppData\Roaming\Python\Python312\site-packages\django\db\migrations\__init__.py first seen with mtime 1707916926.448175
File C:\Users\0405\AppData\Roaming\Python\Python312\site-packages\jinja2\bccache.py first seen with mtime 1697884625.7758548
File C:\Users\0405\AppData\Roaming\Python\Python312\site-packages\psycopg2\_json.py first seen with mtime 1707919892.2995484
File C:\Program Files\Python312\Lib\asyncio\base_futures.py first seen with mtime 1696245958.0
File C:\Program Files\Python312\Lib\ctypes\__init__.py first seen with mtime 1696245958.0
File C:\Users\0405\AppData\Roaming\Python\Python312\site-packages\django\contrib\contenttypes\__init__.py first seen with mtime 1707916923.7515376
File C:\Users\0405\AppData\Roaming\Python\Python312\site-packages\django\core\management\base.py first seen with mtime 1707916926.315809
File C:\Users\0405\AppData\Roaming\Python\Python312\site-packages\urllib3\_version.py first seen with mtime 1696611204.8293731
File C:\Program Files\Python312\Lib\zoneinfo\_tzpath.py first seen with mtime 1696245958.0
File C:\Users\0405\AppData\Roaming\Python\Python312\site-packages\pytz\tzinfo.py first seen with mtime 1708082773.4852133
File C:\Users\0405\AppData\Roaming\Python\Python312\site-packages\colorama\winterm.py first seen with mtime 1697884624.4261205
File C:\Users\0405\AppData\Roaming\Python\Python312\site-packages\rest_framework\fields.py first seen with mtime 1708082774.6120996
File C:\Users\0405\AppData\Roaming\Python\Python312\site-packages\idna\intranges.py first seen with mtime 1696611205.2561824
File C:\Program Files\Python312\Lib\tokenize.py first seen with mtime 1696245958.0
File C:\Licenta\WorkTimeManager\backend\worktimemanager\urls.py first seen with mtime 1709715057.9812803
File C:\Program Files\Python312\Lib\shutil.py first seen with mtime 1696245958.0
File C:\Users\0405\AppData\Roaming\Python\Python312\site-packages\django\forms\__init__.py first seen with mtime 1707916926.5419068
File C:\Users\0405\AppData\Roaming\Python\Python312\site-packages\rest_framework\apps.py first seen with mtime 1708082774.5972185
File C:\Users\0405\AppData\Roaming\Python\Python312\site-packages\django\template\autoreload.py first seen with mtime 1707916926.69443
File C:\Program Files\Python312\Lib\asyncio\base_tasks.py first seen with mtime 1696245958.0
File C:\Users\0405\AppData\Roaming\Python\Python312\site-packages\django\contrib\admin\templatetags\admin_modify.py first seen with mtime 1707916923.0815163
File C:\Users\0405\AppData\Roaming\Python\Python312\site-packages\psycopg2\__init__.py first seen with mtime 1707919892.29668
File C:\Program Files\Python312\Lib\unittest\case.py first seen with mtime 1696245958.0
File C:\Program Files\Python312\Lib\nturl2path.py first seen with mtime 1696245958.0
File C:\Users\0405\AppData\Roaming\Python\Python312\site-packages\sqlparse\__init__.py first seen with mtime 1707916920.4507463
File C:\Users\0405\AppData\Roaming\Python\Python312\site-packages\django\core\handlers\__init__.py first seen with mtime 1707916926.298315
File C:\Users\0405\AppData\Roaming\Python\Python312\site-packages\django\core\mail\utils.py first seen with mtime 1707916926.3055096
File C:\Users\0405\AppData\Roaming\Python\Python312\site-packages\urllib3\__init__.py first seen with mtime 1696611204.8213787
File C:\Users\0405\AppData\Roaming\Python\Python312\site-packages\django\core\serializers\base.py first seen with mtime 1707916926.3584645
File C:\Users\0405\AppData\Roaming\Python\Python312\site-packages\charset_normalizer\__init__.py first seen with mtime 1696611205.4566753
File C:\Users\0405\AppData\Roaming\Python\Python312\site-packages\jinja2\_identifier.py first seen with mtime 1697884625.7758548
File C:\Users\0405\AppData\Roaming\Python\Python312\site-packages\django\core\files\uploadhandler.py first seen with mtime 1707916926.2888525
File C:\Users\0405\AppData\Roaming\Python\Python312\site-packages\django\core\checks\security\sessions.py first seen with mtime 1707916926.2786608
File C:\Users\0405\AppData\Roaming\Python\Python312\site-packages\django\core\exceptions.py first seen with mtime 1707916926.2296028
File C:\Users\0405\AppData\Roaming\Python\Python312\site-packages\asgiref\sync.py first seen with mtime 1707916921.1611452
File C:\Users\0405\AppData\Roaming\Python\Python312\site-packages\django\db\models\aggregates.py first seen with mtime 1707916926.473982
File C:\Users\0405\AppData\Roaming\Python\Python312\site-packages\sqlparse\engine\filter_stack.py first seen with mtime 1707916920.4635367
File C:\Users\0405\AppData\Roaming\Python\Python312\site-packages\requests\status_codes.py first seen with mtime 1696611205.733248
File C:\Users\0405\AppData\Roaming\Python\Python312\site-packages\django\core\cache\backends\base.py first seen with mtime 1707916926.2424896
File C:\Program Files\Python312\Lib\hmac.py first seen with mtime 1696245958.0
File C:\Users\0405\AppData\Roaming\Python\Python312\site-packages\django\contrib\messages\storage\base.py first seen with mtime 1707916924.9912624
File C:\Users\0405\AppData\Roaming\Python\Python312\site-packages\django\utils\functional.py first seen with mtime 1707916926.787023
File C:\Program Files\Python312\Lib\email\mime\text.py first seen with mtime 1696245958.0
File C:\Users\0405\AppData\Roaming\Python\Python312\site-packages\requests\api.py first seen with mtime 1696611205.7252538
File C:\Program Files\Python312\Lib\email\_policybase.py first seen with mtime 1696245958.0
File C:\Users\0405\AppData\Roaming\Python\Python312\site-packages\sqlparse\lexer.py first seen with mtime 1707916920.4583082
File C:\Program Files\Python312\Lib\email\quoprimime.py first seen with mtime 1696245958.0
File C:\Users\0405\AppData\Roaming\Python\Python312\site-packages\django\db\migrations\utils.py first seen with mtime 1707916926.462157
File C:\Users\0405\AppData\Roaming\Python\Python312\site-packages\django\db\transaction.py first seen with mtime 1707916926.3703072
File C:\Users\0405\AppData\Roaming\Python\Python312\site-packages\django\core\checks\database.py first seen with mtime 1707916926.2563484
File C:\Users\0405\AppData\Roaming\Python\Python312\site-packages\urllib3\response.py first seen with mtime 1696611204.845364
File C:\Users\0405\AppData\Roaming\Python\Python312\site-packages\django\db\models\fields\related.py first seen with mtime 1707916926.5116818
File C:\Users\0405\AppData\Roaming\Python\Python312\site-packages\rest_framework\serializers.py first seen with mtime 1708082774.643397
File C:\Users\0405\AppData\Roaming\Python\Python312\site-packages\django\db\backends\base\client.py first seen with mtime 1707916926.3817072
File C:\Program Files\Python312\Lib\http\server.py first seen with mtime 1696245958.0
File C:\Users\0405\AppData\Roaming\Python\Python312\site-packages\rest_framework\settings.py first seen with mtime 1708082774.6448112
File C:\Users\0405\AppData\Roaming\Python\Python312\site-packages\django\views\decorators\csrf.py first seen with mtime 1707916926.8292637
File C:\Users\0405\AppData\Roaming\Python\Python312\site-packages\django\contrib\staticfiles\finders.py first seen with mtime 1707916926.2069702
File C:\Users\0405\AppData\Roaming\Python\Python312\site-packages\urllib3\_request_methods.py first seen with mtime 1696611204.8293731
File C:\Program Files\Python312\Lib\token.py first seen with mtime 1696245958.0
File C:\Program Files\Python312\DLLs\_zoneinfo.pyd first seen with mtime 1696246030.0
File C:\Users\0405\AppData\Roaming\Python\Python312\site-packages\django\contrib\staticfiles\checks.py first seen with mtime 1707916926.2055566
File C:\Users\0405\AppData\Roaming\Python\Python312\site-packages\django\forms\fields.py first seen with mtime 1707916926.5446963
File C:\Users\0405\AppData\Roaming\Python\Python312\site-packages\django\utils\lorem_ipsum.py first seen with mtime 1707916926.8002372
File C:\Users\0405\AppData\Roaming\Python\Python312\site-packages\jinja2\exceptions.py first seen with mtime 1697884625.7758548
File C:\Users\0405\AppData\Roaming\Python\Python312\site-packages\django\templatetags\l10n.py first seen with mtime 1707916926.7373488
File C:\Users\0405\AppData\Roaming\Python\Python312\site-packages\django\utils\termcolors.py first seen with mtime 1707916926.8057408
File C:\Users\0405\AppData\Roaming\Python\Python312\site-packages\django\urls\base.py first seen with mtime 1707916926.755013
File C:\Program Files\Python312\Lib\email\mime\multipart.py first seen with mtime 1696245958.0
File C:\Program Files\Python312\Lib\zoneinfo\__init__.py first seen with mtime 1696245958.0
File C:\Users\0405\AppData\Roaming\Python\Python312\site-packages\django\core\servers\basehttp.py first seen with mtime 1707916926.368556
File C:\Users\0405\AppData\Roaming\Python\Python312\site-packages\django\views\defaults.py first seen with mtime 1707916926.8219364
File C:\Users\0405\AppData\Roaming\Python\Python312\site-packages\rest_framework\decorators.py first seen with mtime 1708082774.606067
File C:\Users\0405\AppData\Roaming\Python\Python312\site-packages\django\template\loaders\filesystem.py first seen with mtime 1707916926.7300768
File C:\Users\0405\AppData\Roaming\Python\Python312\site-packages\django\contrib\staticfiles\apps.py first seen with mtime 1707916926.2042637
File C:\Users\0405\AppData\Roaming\Python\Python312\site-packages\corsheaders\__init__.py first seen with mtime 1708082776.360116
File C:\Users\0405\AppData\Roaming\Python\Python312\site-packages\colorama\win32.py first seen with mtime 1697884624.4261205
File C:\Users\0405\AppData\Roaming\Python\Python312\site-packages\django\contrib\contenttypes\fields.py first seen with mtime 1707916923.7559707
File C:\Users\0405\AppData\Roaming\Python\Python312\site-packages\django\core\files\storage\handler.py first seen with mtime 1707916926.2944264
File C:\Users\0405\AppData\Roaming\Python\Python312\site-packages\django\contrib\auth\admin.py first seen with mtime 1707916923.4012542
File C:\Program Files\Python312\Lib\email\headerregistry.py first seen with mtime 1696245958.0
File C:\Users\0405\AppData\Roaming\Python\Python312\site-packages\requests\__version__.py first seen with mtime 1696611205.7172601
File C:\Program Files\Python312\DLLs\_decimal.pyd first seen with mtime 1696246028.0
File C:\Users\0405\AppData\Roaming\Python\Python312\site-packages\django\contrib\admin\decorators.py first seen with mtime 1707916922.2364597
File C:\Users\0405\AppData\Roaming\Python\Python312\site-packages\django\core\serializers\python.py first seen with mtime 1707916926.3628342
File C:\Users\0405\AppData\Roaming\Python\Python312\site-packages\django\db\models\functions\__init__.py first seen with mtime 1707916926.5177011
File C:\Users\0405\AppData\Roaming\Python\Python312\site-packages\django\db\backends\postgresql\creation.py first seen with mtime 1707916926.4270892
File C:\Program Files\Python312\DLLs\_ssl.pyd first seen with mtime 1696246030.0
File C:\Users\0405\AppData\Roaming\Python\Python312\site-packages\urllib3\util\timeout.py first seen with mtime 1696611204.869347
File C:\Users\0405\AppData\Roaming\Python\Python312\site-packages\colorama\ansi.py first seen with mtime 1697884624.4104996
File C:\Program Files\Python312\Lib\importlib\resources\_common.py first seen with mtime 1696245958.0
File C:\Users\0405\AppData\Roaming\Python\Python312\site-packages\requests\auth.py first seen with mtime 1696611205.7252538
File C:\Users\0405\AppData\Roaming\Python\Python312\site-packages\django\contrib\__init__.py first seen with mtime 1707916922.2294884
File C:\Users\0405\AppData\Roaming\Python\Python312\site-packages\rest_framework_simplejwt\settings.py first seen with mtime 1708376834.2650785
File C:\Users\0405\AppData\Roaming\Python\Python312\site-packages\django\contrib\sessions\apps.py first seen with mtime 1707916925.549294
File C:\Program Files\Python312\DLLs\_ctypes.pyd first seen with mtime 1696246028.0
File C:\Program Files\Python312\Lib\importlib\metadata\_adapters.py first seen with mtime 1696245958.0
File C:\Users\0405\AppData\Roaming\Python\Python312\site-packages\django\templatetags\tz.py first seen with mtime 1707916926.7396507
File C:\Users\0405\AppData\Roaming\Python\Python312\site-packages\django\core\checks\security\csrf.py first seen with mtime 1707916926.273327
File C:\Users\0405\AppData\Roaming\Python\Python312\site-packages\rest_framework\utils\field_mapping.py first seen with mtime 1708082775.0563884
File C:\Users\0405\AppData\Roaming\Python\Python312\site-packages\django\db\models\sql\query.py first seen with mtime 1707916926.5339477
File C:\Program Files\Python312\Lib\gettext.py first seen with mtime 1696245958.0
File C:\Users\0405\AppData\Roaming\Python\Python312\site-packages\urllib3\util\retry.py first seen with mtime 1696611204.8613522
File C:\Program Files\Python312\Lib\threading.py first seen with mtime 1696245958.0
File C:\Users\0405\AppData\Roaming\Python\Python312\site-packages\django\views\generic\dates.py first seen with mtime 1707916926.8364673
File C:\Program Files\Python312\Lib\email\mime\nonmultipart.py first seen with mtime 1696245958.0
File C:\Users\0405\AppData\Roaming\Python\Python312\site-packages\rest_framework\schemas\inspectors.py first seen with mtime 1708082774.8313484
File C:\Users\0405\AppData\Roaming\Python\Python312\site-packages\django\contrib\postgres\fields\hstore.py first seen with mtime 1707916925.0152166
File C:\Users\0405\AppData\Roaming\Python\Python312\site-packages\django\contrib\staticfiles\__init__.py first seen with mtime 1707916926.2026544
File C:\Users\0405\AppData\Roaming\Python\Python312\site-packages\django\template\backends\base.py first seen with mtime 1707916926.7202775
File C:\Users\0405\AppData\Roaming\Python\Python312\site-packages\charset_normalizer\legacy.py first seen with mtime 1696611205.4566753
File C:\Program Files\Python312\Lib\hashlib.py first seen with mtime 1696245958.0
File C:\Users\0405\AppData\Roaming\Python\Python312\site-packages\django\utils\deprecation.py first seen with mtime 1707916926.78237
File C:\Program Files\Python312\Lib\email\feedparser.py first seen with mtime 1696245958.0
File C:\Users\0405\AppData\Roaming\Python\Python312\site-packages\asgiref\current_thread_executor.py first seen with mtime 1707916921.1554966
File C:\Users\0405\AppData\Roaming\Python\Python312\site-packages\django\utils\tree.py first seen with mtime 1707916926.8099406
File C:\Program Files\Python312\Lib\asyncio\subprocess.py first seen with mtime 1696245958.0
File C:\Program Files\Python312\Lib\pkgutil.py first seen with mtime 1696245958.0
File C:\Users\0405\AppData\Roaming\Python\Python312\site-packages\urllib3\connection.py first seen with mtime 1696611204.8293731
File C:\Program Files\Python312\Lib\email\message.py first seen with mtime 1696245958.0
File C:\Program Files\Python312\Lib\reprlib.py first seen with mtime 1696245958.0
File C:\Program Files\Python312\Lib\asyncio\runners.py first seen with mtime 1696245958.0
File C:\Program Files\Python312\Lib\socket.py first seen with mtime 1696245958.0
File C:\Users\0405\AppData\Roaming\Python\Python312\site-packages\django\utils\log.py first seen with mtime 1707916926.7989838
File C:\Users\0405\AppData\Roaming\Python\Python312\site-packages\django\contrib\staticfiles\handlers.py first seen with mtime 1707916926.2075076
File C:\Users\0405\AppData\Roaming\Python\Python312\site-packages\django\templatetags\__init__.py first seen with mtime 1707916926.7333386
File C:\Users\0405\AppData\Roaming\Python\Python312\site-packages\django\utils\dateformat.py first seen with mtime 1707916926.7757752
File C:\Program Files\Python312\DLLs\_lzma.pyd first seen with mtime 1696246028.0
File C:\Users\0405\AppData\Roaming\Python\Python312\site-packages\django\utils\hashable.py first seen with mtime 1707916926.789208
File C:\Program Files\Python312\Lib\gzip.py first seen with mtime 1696245958.0
File C:\Users\0405\AppData\Roaming\Python\Python312\site-packages\django\contrib\admin\utils.py first seen with mtime 1707916922.2484248
File C:\Users\0405\AppData\Roaming\Python\Python312\site-packages\django\db\migrations\operations\__init__.py first seen with mtime 1707916926.4657354
File C:\Program Files\Python312\Lib\importlib\metadata\_functools.py first seen with mtime 1696245958.0
File C:\Users\0405\AppData\Roaming\Python\Python312\site-packages\requests\packages.py first seen with mtime 1696611205.733248
File C:\Users\0405\AppData\Roaming\Python\Python312\site-packages\django\core\management\color.py first seen with mtime 1707916926.3170588
File C:\Users\0405\AppData\Roaming\Python\Python312\site-packages\django\utils\text.py first seen with mtime 1707916926.8067415
File C:\Users\0405\AppData\Roaming\Python\Python312\site-packages\django\db\models\fields\json.py first seen with mtime 1707916926.5074253
File C:\Program Files\Python312\Lib\zoneinfo\_common.py first seen with mtime 1696245958.0
File C:\Users\0405\AppData\Roaming\Python\Python312\site-packages\django\views\decorators\debug.py first seen with mtime 1707916926.8302531
File C:\Users\0405\AppData\Roaming\Python\Python312\site-packages\urllib3\util\__init__.py first seen with mtime 1696611204.853359
File C:\Program Files\Python312\Lib\email\utils.py first seen with mtime 1696245958.0
File C:\Users\0405\AppData\Roaming\Python\Python312\site-packages\django\db\models\constraints.py first seen with mtime 1707916926.4819481
File C:\Users\0405\AppData\Roaming\Python\Python312\site-packages\django\db\backends\base\operations.py first seen with mtime 1707916926.3867724
File C:\Users\0405\AppData\Roaming\Python\Python312\site-packages\django\contrib\admin\templatetags\__init__.py first seen with mtime 1707916923.0785303
File C:\Users\0405\AppData\Roaming\Python\Python312\site-packages\rest_framework_simplejwt\tokens.py first seen with mtime 1708376834.268072
File C:\Program Files\Python312\Lib\_weakrefset.py first seen with mtime 1696245958.0
File C:\Users\0405\AppData\Roaming\Python\Python312\site-packages\charset_normalizer\api.py first seen with mtime 1696611205.4566753
File C:\Users\0405\AppData\Roaming\Python\Python312\site-packages\django\contrib\admin\templatetags\base.py first seen with mtime 1707916923.0835116
File C:\Program Files\Python312\Lib\importlib\resources\_itertools.py first seen with mtime 1696245958.0
File C:\Users\0405\AppData\Roaming\Python\Python312\site-packages\django\utils\timezone.py first seen with mtime 1707916926.8088999
File C:\Users\0405\AppData\Roaming\Python\Python312\site-packages\django\utils\itercompat.py first seen with mtime 1707916926.7951117
File C:\Users\0405\AppData\Roaming\Python\Python312\site-packages\requests\__init__.py first seen with mtime 1696611205.7172601
File C:\Users\0405\AppData\Roaming\Python\Python312\site-packages\django\db\backends\base\features.py first seen with mtime 1707916926.38417
File C:\Users\0405\AppData\Roaming\Python\Python312\site-packages\django\db\models\functions\math.py first seen with mtime 1707916926.5206115
File C:\Users\0405\AppData\Roaming\Python\Python312\site-packages\django\test\utils.py first seen with mtime 1707916926.753026
File C:\Program Files\Python312\DLLs\_wmi.pyd first seen with mtime 1696246028.0
File C:\Users\0405\AppData\Roaming\Python\Python312\site-packages\django\utils\inspect.py first seen with mtime 1707916926.792431
File C:\Program Files\Python312\Lib\asyncio\log.py first seen with mtime 1696245958.0
File C:\Users\0405\AppData\Roaming\Python\Python312\site-packages\rest_framework\status.py first seen with mtime 1708082774.6465447
File C:\Users\0405\AppData\Roaming\Python\Python312\site-packages\rest_framework\authtoken\models.py first seen with mtime 1708082774.6727884
File C:\Program Files\Python312\Lib\inspect.py first seen with mtime 1696245958.0
File C:\Program Files\Python312\Lib\argparse.py first seen with mtime 1696245958.0
File C:\Users\0405\AppData\Roaming\Python\Python312\site-packages\rest_framework\authentication.py first seen with mtime 1708082774.5992143
File C:\Program Files\Python312\Lib\re\_compiler.py first seen with mtime 1696245958.0
File C:\Users\0405\AppData\Roaming\Python\Python312\site-packages\django\core\files\storage\mixins.py first seen with mtime 1707916926.2973182
File C:\Users\0405\AppData\Roaming\Python\Python312\site-packages\django\forms\boundfield.py first seen with mtime 1707916926.5435405
File C:\Program Files\Python312\Lib\getpass.py first seen with mtime 1696245958.0
File C:\Users\0405\AppData\Roaming\Python\Python312\site-packages\urllib3\util\wait.py first seen with mtime 1696611204.8773417
File C:\Users\0405\AppData\Roaming\Python\Python312\site-packages\pytz\exceptions.py first seen with mtime 1708082773.4785142
File C:\Users\0405\AppData\Roaming\Python\Python312\site-packages\django\core\cache\utils.py first seen with mtime 1707916926.239495
File C:\Users\0405\AppData\Roaming\Python\Python312\site-packages\sqlparse\keywords.py first seen with mtime 1707916920.456207
File C:\Program Files\Python312\Lib\dataclasses.py first seen with mtime 1696245958.0
File C:\Program Files\Python312\Lib\asyncio\taskgroups.py first seen with mtime 1696245958.0
File C:\Program Files\Python312\Lib\sysconfig.py first seen with mtime 1696245958.0
File C:\Users\0405\AppData\Roaming\Python\Python312\site-packages\django\db\models\fields\mixins.py first seen with mtime 1707916926.508026
File C:\Users\0405\AppData\Roaming\Python\Python312\site-packages\django\utils\html.py first seen with mtime 1707916926.7905185
File C:\Users\0405\AppData\Roaming\Python\Python312\site-packages\django\contrib\auth\forms.py first seen with mtime 1707916923.4116313
File C:\Users\0405\AppData\Roaming\Python\Python312\site-packages\django\core\checks\security\__init__.py first seen with mtime 1707916926.270081
File C:\Users\0405\AppData\Roaming\Python\Python312\site-packages\django\core\files\storage\base.py first seen with mtime 1707916926.2929194
File C:\Users\0405\AppData\Roaming\Python\Python312\site-packages\django\template\library.py first seen with mtime 1707916926.7097824
File C:\Users\0405\AppData\Roaming\Python\Python312\site-packages\django\core\management\commands\__init__.py first seen with mtime 1707916926.3211994
File C:\Users\0405\AppData\Roaming\Python\Python312\site-packages\django\core\paginator.py first seen with mtime 1707916926.2306006
File C:\Users\0405\AppData\Roaming\Python\Python312\site-packages\django\middleware\cache.py first seen with mtime 1707916926.6814928
File C:\Users\0405\AppData\Roaming\Python\Python312\site-packages\django\core\files\uploadedfile.py first seen with mtime 1707916926.2874804
File C:\Program Files\Python312\Lib\unittest\loader.py first seen with mtime 1696245958.0
File C:\Users\0405\AppData\Roaming\Python\Python312\site-packages\django\core\validators.py first seen with mtime 1707916926.2355225
File C:\Users\0405\AppData\Roaming\Python\Python312\site-packages\rest_framework\relations.py first seen with mtime 1708082774.6289976
File C:\Program Files\Python312\Lib\email\mime\base.py first seen with mtime 1696245958.0
File C:\Users\0405\AppData\Roaming\Python\Python312\site-packages\django\contrib\auth\management\__init__.py first seen with mtime 1707916923.729694
File C:\Program Files\Python312\Lib\email\contentmanager.py first seen with mtime 1696245958.0
File C:\Program Files\Python312\Lib\contextlib.py first seen with mtime 1696245958.0
File C:\Users\0405\AppData\Roaming\Python\Python312\site-packages\django\db\models\signals.py first seen with mtime 1707916926.4993773
File C:\Users\0405\AppData\Roaming\Python\Python312\site-packages\django\core\checks\templates.py first seen with mtime 1707916926.2623267
File C:\Users\0405\AppData\Roaming\Python\Python312\site-packages\django\db\migrations\migration.py first seen with mtime 1707916926.4548485
File C:\Users\0405\AppData\Roaming\Python\Python312\site-packages\rest_framework\utils\serializer_helpers.py first seen with mtime 1708082775.0670605
File C:\Users\0405\AppData\Roaming\Python\Python312\site-packages\urllib3\_base_connection.py first seen with mtime 1696611204.8213787
File C:\Users\0405\AppData\Roaming\Python\Python312\site-packages\django\contrib\admin\__init__.py first seen with mtime 1707916922.230487
File C:\Users\0405\AppData\Roaming\Python\Python312\site-packages\django\core\servers\__init__.py first seen with mtime 1707916926.3670564
File C:\Users\0405\AppData\Roaming\Python\Python312\site-packages\requests\_internal_utils.py first seen with mtime 1696611205.7172601
File C:\Users\0405\AppData\Roaming\Python\Python312\site-packages\charset_normalizer\md.cp312-win_amd64.pyd first seen with mtime 1696611205.4566753
File C:\Users\0405\AppData\Roaming\Python\Python312\site-packages\django\db\models\functions\text.py first seen with mtime 1707916926.524006
File C:\Users\0405\AppData\Roaming\Python\Python312\site-packages\urllib3\connectionpool.py first seen with mtime 1696611204.8293731
File C:\Program Files\Python312\Lib\uuid.py first seen with mtime 1696245958.0
File C:\Program Files\Python312\Lib\importlib\metadata\_collections.py first seen with mtime 1696245958.0
File C:\Users\0405\AppData\Roaming\Python\Python312\site-packages\django\contrib\postgres\lookups.py first seen with mtime 1707916925.0012822
File C:\Program Files\Python312\DLLs\select.pyd first seen with mtime 1696246028.0
File C:\Users\0405\AppData\Roaming\Python\Python312\site-packages\rest_framework\schemas\__init__.py first seen with mtime 1708082774.8265958
File C:\Users\0405\AppData\Roaming\Python\Python312\site-packages\django\contrib\admin\views\main.py first seen with mtime 1707916923.0900211
File C:\Users\0405\AppData\Roaming\Python\Python312\site-packages\django\contrib\postgres\fields\citext.py first seen with mtime 1707916925.014286
File C:\Users\0405\AppData\Roaming\Python\Python312\site-packages\django\contrib\postgres\forms\ranges.py first seen with mtime 1707916925.022273
File C:\Program Files\Python312\Lib\xml\dom\NodeFilter.py first seen with mtime 1696245958.0
File C:\Users\0405\AppData\Roaming\Python\Python312\site-packages\django\middleware\security.py first seen with mtime 1707916926.6912715
File C:\Program Files\Python312\Lib\xml\dom\__init__.py first seen with mtime 1696245958.0
File C:\Program Files\Python312\Lib\encodings\utf_8.py first seen with mtime 1696245958.0
File C:\Users\0405\AppData\Roaming\Python\Python312\site-packages\django\contrib\staticfiles\management\__init__.py first seen with mtime 1707916926.21661
File C:\Users\0405\AppData\Roaming\Python\Python312\site-packages\django\db\backends\postgresql\base.py first seen with mtime 1707916926.423321
File C:\Program Files\Python312\Lib\re\_parser.py first seen with mtime 1696245958.0
File C:\Program Files\Python312\Lib\tempfile.py first seen with mtime 1696245958.0
File C:\Users\0405\AppData\Roaming\Python\Python312\site-packages\colorama\ansitowin32.py first seen with mtime 1697884624.4104996
File C:\Users\0405\AppData\Roaming\Python\Python312\site-packages\django\template\defaulttags.py first seen with mtime 1707916926.7010057
File C:\Users\0405\AppData\Roaming\Python\Python312\site-packages\idna\__init__.py first seen with mtime 1696611205.2561824
File C:\Users\0405\AppData\Roaming\Python\Python312\site-packages\corsheaders\conf.py first seen with mtime 1708082776.36914
File C:\Users\0405\AppData\Roaming\Python\Python312\site-packages\django\db\backends\postgresql\client.py first seen with mtime 1707916926.4255633
File C:\Users\0405\AppData\Roaming\Python\Python312\site-packages\sqlparse\exceptions.py first seen with mtime 1707916920.4538505
File C:\Users\0405\AppData\Roaming\Python\Python312\site-packages\django\contrib\admindocs\views.py first seen with mtime 1707916923.096161
File C:\Program Files\Python312\Lib\wsgiref\headers.py first seen with mtime 1696245958.0
File C:\Program Files\Python312\Lib\random.py first seen with mtime 1696245958.0
File C:\Program Files\Python312\DLLs\unicodedata.pyd first seen with mtime 1696246030.0
File C:\Users\0405\AppData\Roaming\Python\Python312\site-packages\certifi\core.py first seen with mtime 1696611205.653304
File C:\Users\0405\AppData\Roaming\Python\Python312\site-packages\django\urls\conf.py first seen with mtime 1707916926.7570562
File C:\Users\0405\AppData\Roaming\Python\Python312\site-packages\django\contrib\auth\signals.py first seen with mtime 1707916923.4154387
File C:\Users\0405\AppData\Roaming\Python\Python312\site-packages\django\core\handlers\asgi.py first seen with mtime 1707916926.2993128
File C:\Program Files\Python312\Lib\asyncio\transports.py first seen with mtime 1696245958.0
File C:\Users\0405\AppData\Roaming\Python\Python312\site-packages\rest_framework\authtoken\admin.py first seen with mtime 1708082774.6685765
File C:\Users\0405\AppData\Roaming\Python\Python312\site-packages\rest_framework\validators.py first seen with mtime 1708082774.6577199
File C:\Users\0405\AppData\Roaming\Python\Python312\site-packages\django\contrib\postgres\utils.py first seen with mtime 1707916925.006174
File C:\Users\0405\AppData\Roaming\Python\Python312\site-packages\django\core\checks\model_checks.py first seen with mtime 1707916926.260332
File C:\Users\0405\AppData\Roaming\Python\Python312\site-packages\django\contrib\auth\backends.py first seen with mtime 1707916923.404171
File C:\Users\0405\AppData\Roaming\Python\Python312\site-packages\django\db\models\enums.py first seen with mtime 1707916926.4857962
File C:\Users\0405\AppData\Roaming\Python\Python312\site-packages\django\db\backends\postgresql\schema.py first seen with mtime 1707916926.4352427
File C:\Program Files\Python312\Lib\email\errors.py first seen with mtime 1696245958.0
File C:\Users\0405\AppData\Roaming\Python\Python312\site-packages\django\contrib\auth\tokens.py first seen with mtime 1707916923.4154387
File C:\Users\0405\AppData\Roaming\Python\Python312\site-packages\django\db\models\sql\constants.py first seen with mtime 1707916926.5302184
File C:\Users\0405\AppData\Roaming\Python\Python312\site-packages\django\template\base.py first seen with mtime 1707916926.6961315
File C:\Users\0405\AppData\Roaming\Python\Python312\site-packages\jinja2\compiler.py first seen with mtime 1697884625.7758548
File C:\Program Files\Python312\Lib\xml\dom\minidom.py first seen with mtime 1696245958.0
File C:\Program Files\Python312\Lib\zipfile\__main__.py first seen with mtime 1696245958.0
File C:\Program Files\Python312\DLLs\_queue.pyd first seen with mtime 1696246028.0
File C:\Program Files\Python312\Lib\http\cookies.py first seen with mtime 1696245958.0
File C:\Program Files\Python312\Lib\pathlib.py first seen with mtime 1696245958.0
File C:\Program Files\Python312\DLLs\_overlapped.pyd first seen with mtime 1696246030.0
File C:\Users\0405\AppData\Roaming\Python\Python312\site-packages\certifi\__init__.py first seen with mtime 1696611205.6453307
File C:\Users\0405\AppData\Roaming\Python\Python312\site-packages\psycopg2\sql.py first seen with mtime 1707919892.3531177
File C:\Program Files\Python312\Lib\http\__init__.py first seen with mtime 1696245958.0
File C:\Users\0405\AppData\Roaming\Python\Python312\site-packages\corsheaders\apps.py first seen with mtime 1708082776.3648398
File C:\Users\0405\AppData\Roaming\Python\Python312\site-packages\django\template\defaultfilters.py first seen with mtime 1707916926.6995099
File C:\Users\0405\AppData\Roaming\Python\Python312\site-packages\django\core\handlers\base.py first seen with mtime 1707916926.3003094
File C:\Licenta\WorkTimeManager\backend\worktimemanager\models.py first seen with mtime 1709710528.7101626
File C:\Program Files\Python312\Lib\unittest\util.py first seen with mtime 1696245958.0
File C:\Users\0405\AppData\Roaming\Python\Python312\site-packages\django\contrib\admin\widgets.py first seen with mtime 1707916922.2504199
File C:\Users\0405\AppData\Roaming\Python\Python312\site-packages\django\core\wsgi.py first seen with mtime 1707916926.2375016
File C:\Program Files\Python312\Lib\_compat_pickle.py first seen with mtime 1696245958.0
File C:\Program Files\Python312\Lib\wsgiref\__init__.py first seen with mtime 1696245958.0
File C:\Users\0405\AppData\Roaming\Python\Python312\site-packages\django\template\utils.py first seen with mtime 1707916926.7177684
File C:\Users\0405\AppData\Roaming\Python\Python312\site-packages\django\db\backends\postgresql\operations.py first seen with mtime 1707916926.4280884
File C:\Program Files\Python312\Lib\importlib\resources\abc.py first seen with mtime 1696245958.0
File C:\Users\0405\AppData\Roaming\Python\Python312\site-packages\django\utils\translation\reloader.py first seen with mtime 1707916926.8135734
File C:\Users\0405\AppData\Roaming\Python\Python312\site-packages\django\core\checks\compatibility\__init__.py first seen with mtime 1707916926.2667918
File C:\Users\0405\AppData\Roaming\Python\Python312\site-packages\django\db\migrations\state.py first seen with mtime 1707916926.4606764
File C:\Program Files\Python312\Lib\__future__.py first seen with mtime 1696245958.0
File C:\Users\0405\AppData\Roaming\Python\Python312\site-packages\django\db\models\options.py first seen with mtime 1707916926.4948866
File C:\Program Files\Python312\Lib\asyncio\threads.py first seen with mtime 1696245958.0
File C:\Users\0405\AppData\Roaming\Python\Python312\site-packages\django\db\utils.py first seen with mtime 1707916926.3716283
File C:\Users\0405\AppData\Roaming\Python\Python312\site-packages\rest_framework\utils\representation.py first seen with mtime 1708082775.0657897
File C:\Program Files\Python312\Lib\unittest\runner.py first seen with mtime 1696245958.0
File C:\Users\0405\AppData\Roaming\Python\Python312\site-packages\django\dispatch\dispatcher.py first seen with mtime 1707916926.538916
File C:\Users\0405\AppData\Roaming\Python\Python312\site-packages\sqlparse\filters\__init__.py first seen with mtime 1707916920.4666576
File C:\Program Files\Python312\Lib\queue.py first seen with mtime 1696245958.0
File C:\Users\0405\AppData\Roaming\Python\Python312\site-packages\django\utils\safestring.py first seen with mtime 1707916926.8041308
File C:\Users\0405\AppData\Roaming\Python\Python312\site-packages\django\contrib\admin\views\__init__.py first seen with mtime 1707916923.0864255
File C:\Users\0405\AppData\Roaming\Python\Python312\site-packages\django\contrib\auth\middleware.py first seen with mtime 1707916923.414442
File C:\Program Files\Python312\Lib\html\parser.py first seen with mtime 1696245958.0
File C:\Users\0405\AppData\Roaming\Python\Python312\site-packages\rest_framework_simplejwt\__init__.py first seen with mtime 1708376834.2521148
File C:\Users\0405\AppData\Roaming\Python\Python312\site-packages\django\contrib\messages\storage\__init__.py first seen with mtime 1707916924.990388
File C:\Program Files\Python312\Lib\http\cookiejar.py first seen with mtime 1696245958.0
File C:\Program Files\Python312\Lib\email\mime\__init__.py first seen with mtime 1696245958.0
File C:\Users\0405\AppData\Roaming\Python\Python312\site-packages\django\db\models\sql\subqueries.py first seen with mtime 1707916926.5339477
File C:\Program Files\Python312\Lib\fnmatch.py first seen with mtime 1696245958.0
File C:\Users\0405\AppData\Roaming\Python\Python312\site-packages\django\templatetags\static.py first seen with mtime 1707916926.7392294
File C:\Program Files\Python312\Lib\secrets.py first seen with mtime 1696245958.0
File C:\Users\0405\AppData\Roaming\Python\Python312\site-packages\django\core\checks\security\base.py first seen with mtime 1707916926.2726204
File C:\Users\0405\AppData\Roaming\Python\Python312\site-packages\requests\structures.py first seen with mtime 1696611205.733248
File C:\Users\0405\AppData\Roaming\Python\Python312\site-packages\corsheaders\checks.py first seen with mtime 1708082776.367093
File C:\Users\0405\AppData\Roaming\Python\Python312\site-packages\rest_framework_simplejwt\models.py first seen with mtime 1708376834.2610903
File C:\Users\0405\AppData\Roaming\Python\Python312\site-packages\django\utils\translation\__init__.py first seen with mtime 1707916926.8131921
File C:\Program Files\Python312\Lib\bisect.py first seen with mtime 1696245958.0
File C:\Users\0405\AppData\Roaming\Python\Python312\site-packages\django\middleware\csrf.py first seen with mtime 1707916926.686473
File C:\Program Files\Python312\Lib\importlib\__init__.py first seen with mtime 1696245958.0
File C:\Users\0405\AppData\Roaming\Python\Python312\site-packages\django\contrib\sessions\backends\__init__.py first seen with mtime 1707916925.5559497
File C:\Program Files\Python312\Lib\functools.py first seen with mtime 1696245958.0
File C:\Users\0405\AppData\Roaming\Python\Python312\site-packages\django\__init__.py first seen with mtime 1707916921.5771506
File C:\Program Files\Python312\Lib\importlib\metadata\_meta.py first seen with mtime 1696245958.0
File C:\Users\0405\AppData\Roaming\Python\Python312\site-packages\django\forms\formsets.py first seen with mtime 1707916926.5480504
File C:\Users\0405\AppData\Roaming\Python\Python312\site-packages\django\db\models\fields\related_lookups.py first seen with mtime 1707916926.51417
File C:\Users\0405\AppData\Roaming\Python\Python312\site-packages\django\db\backends\utils.py first seen with mtime 1707916926.3766694
File C:\Program Files\Python312\Lib\lzma.py first seen with mtime 1696245958.0
File C:\Program Files\Python312\Lib\unittest\main.py first seen with mtime 1696245958.0
File C:\Users\0405\AppData\Roaming\Python\Python312\site-packages\jinja2\tests.py first seen with mtime 1697884625.798002
File C:\Users\0405\AppData\Roaming\Python\Python312\site-packages\django\template\loaders\__init__.py first seen with mtime 1707916926.7258894
File C:\Users\0405\AppData\Roaming\Python\Python312\site-packages\django\contrib\postgres\forms\array.py first seen with mtime 1707916925.0209372
File C:\Program Files\Python312\Lib\unittest\result.py first seen with mtime 1696245958.0
File C:\Users\0405\AppData\Roaming\Python\Python312\site-packages\psycopg2\errors.py first seen with mtime 1707919892.3463511
File C:\Program Files\Python312\Lib\urllib\request.py first seen with mtime 1696245958.0
File C:\Users\0405\AppData\Roaming\Python\Python312\site-packages\django\contrib\messages\apps.py first seen with mtime 1707916924.9832318
File C:\Licenta\WorkTimeManager\backend\worktimemanager\views.py first seen with mtime 1709715931.692572
File C:\Program Files\Python312\Lib\zipfile\_path\glob.py first seen with mtime 1696245958.0
File C:\Program Files\Python312\Lib\asyncio\protocols.py first seen with mtime 1696245958.0
File C:\Users\0405\AppData\Roaming\Python\Python312\site-packages\django\contrib\contenttypes\management\__init__.py first seen with mtime 1707916924.0091524
File C:\Users\0405\AppData\Roaming\Python\Python312\site-packages\django\views\decorators\cache.py first seen with mtime 1707916926.8261185
File C:\Program Files\Python312\Lib\keyword.py first seen with mtime 1696245958.0
File C:\Users\0405\AppData\Roaming\Python\Python312\site-packages\rest_framework\utils\html.py first seen with mtime 1708082775.059353
File C:\Program Files\Python312\Lib\typing.py first seen with mtime 1696245958.0
File C:\Users\0405\AppData\Roaming\Python\Python312\site-packages\django\core\signing.py first seen with mtime 1707916926.2346444
File C:\Users\0405\AppData\Roaming\Python\Python312\site-packages\django\contrib\auth\hashers.py first seen with mtime 1707916923.4134443
File C:\Users\0405\AppData\Roaming\Python\Python312\site-packages\django\db\models\sql\where.py first seen with mtime 1707916926.5359766
File C:\Program Files\Python312\Lib\urllib\parse.py first seen with mtime 1696245958.0
File C:\Program Files\Python312\Lib\asyncio\proactor_events.py first seen with mtime 1696245958.0
File C:\Users\0405\AppData\Roaming\Python\Python312\site-packages\django\core\checks\urls.py first seen with mtime 1707916926.265193
File C:\Users\0405\AppData\Roaming\Python\Python312\site-packages\django\db\models\functions\comparison.py first seen with mtime 1707916926.5180924
File C:\Program Files\Python312\Lib\difflib.py first seen with mtime 1696245958.0
File C:\Program Files\Python312\Lib\logging\__init__.py first seen with mtime 1696245958.0
File C:\Users\0405\AppData\Roaming\Python\Python312\site-packages\rest_framework\checks.py first seen with mtime 1708082774.6012974
File C:\Program Files\Python312\Lib\struct.py first seen with mtime 1696245958.0
File C:\Users\0405\AppData\Roaming\Python\Python312\site-packages\rest_framework\schemas\utils.py first seen with mtime 1708082774.8396778
File C:\Users\0405\AppData\Roaming\Python\Python312\site-packages\sqlparse\cli.py first seen with mtime 1707916920.4527454
File C:\Users\0405\AppData\Roaming\Python\Python312\site-packages\django\contrib\contenttypes\checks.py first seen with mtime 1707916923.7550159
File C:\Program Files\Python312\Lib\email\_header_value_parser.py first seen with mtime 1696245958.0
File C:\Users\0405\AppData\Roaming\Python\Python312\site-packages\django\contrib\admin\apps.py first seen with mtime 1707916922.2334478
File C:\Program Files\Python312\Lib\_compression.py first seen with mtime 1696245958.0
File C:\Users\0405\AppData\Roaming\Python\Python312\site-packages\django\contrib\postgres\__init__.py first seen with mtime 1707916924.9951358
File C:\Users\0405\AppData\Roaming\Python\Python312\site-packages\django\urls\__init__.py first seen with mtime 1707916926.754614
File C:\Users\0405\AppData\Roaming\Python\Python312\site-packages\django\core\mail\message.py first seen with mtime 1707916926.3045099
File C:\Users\0405\AppData\Roaming\Python\Python312\site-packages\rest_framework\exceptions.py first seen with mtime 1708082774.6093647
File C:\Users\0405\AppData\Roaming\Python\Python312\site-packages\django\contrib\sessions\models.py first seen with mtime 1707916925.5537584
File C:\Users\0405\AppData\Roaming\Python\Python312\site-packages\django\contrib\sites\__init__.py first seen with mtime 1707916925.8853445
File C:\Users\0405\AppData\Roaming\Python\Python312\site-packages\jinja2\parser.py first seen with mtime 1697884625.798002
File C:\Users\0405\AppData\Roaming\Python\Python312\site-packages\django\db\models\functions\mixins.py first seen with mtime 1707916926.5218377
File C:\Users\0405\AppData\Roaming\Python\Python312\site-packages\sqlparse\filters\tokens.py first seen with mtime 1707916920.473039
File C:\Program Files\Python312\Lib\pickle.py first seen with mtime 1696245958.0
File C:\Program Files\Python312\Lib\asyncio\locks.py first seen with mtime 1696245958.0
File C:\Users\0405\AppData\Roaming\Python\Python312\site-packages\django\utils\deconstruct.py first seen with mtime 1707916926.7800522
File C:\Users\0405\AppData\Roaming\Python\Python312\site-packages\django\contrib\auth\models.py first seen with mtime 1707916923.4154387
File C:\Users\0405\AppData\Roaming\Python\Python312\site-packages\django\conf\urls\__init__.py first seen with mtime 1707916922.2249873
File C:\Users\0405\AppData\Roaming\Python\Python312\site-packages\jinja2\runtime.py first seen with mtime 1697884625.798002
File C:\Program Files\Python312\Lib\email\iterators.py first seen with mtime 1696245958.0
File C:\Users\0405\AppData\Roaming\Python\Python312\site-packages\django\template\backends\__init__.py first seen with mtime 1707916926.718815
File C:\Users\0405\AppData\Roaming\Python\Python312\site-packages\django\db\models\functions\window.py first seen with mtime 1707916926.5252335
File C:\Users\0405\AppData\Roaming\Python\Python312\site-packages\markupsafe\__init__.py first seen with mtime 1697884624.1844769
File C:\Users\0405\AppData\Roaming\Python\Python312\site-packages\django\contrib\postgres\fields\ranges.py first seen with mtime 1707916925.0170681
File C:\Program Files\Python312\Lib\email\_encoded_words.py first seen with mtime 1696245958.0
File C:\Users\0405\AppData\Roaming\Python\Python312\site-packages\django\contrib\staticfiles\utils.py first seen with mtime 1707916926.213601
File C:\Users\0405\AppData\Roaming\Python\Python312\site-packages\rest_framework_simplejwt\token_blacklist\models.py first seen with mtime 1708376834.400317
File C:\Program Files\Python312\Lib\email\charset.py first seen with mtime 1696245958.0
File C:\Users\0405\AppData\Roaming\Python\Python312\site-packages\django\db\models\lookups.py first seen with mtime 1707916926.4923286
File C:\Users\0405\AppData\Roaming\Python\Python312\site-packages\django\apps\registry.py first seen with mtime 1707916921.5833583
File C:\Program Files\Python312\Lib\ipaddress.py first seen with mtime 1696245958.0
File C:\Users\0405\AppData\Roaming\Python\Python312\site-packages\django\contrib\admindocs\utils.py first seen with mtime 1707916923.094901
File C:\Users\0405\AppData\Roaming\Python\Python312\site-packages\django\core\cache\backends\filebased.py first seen with mtime 1707916926.2465925
File C:\Users\0405\AppData\Roaming\Python\Python312\site-packages\django\utils\connection.py first seen with mtime 1707916926.7709332
File C:\Program Files\Python312\Lib\wsgiref\util.py first seen with mtime 1696245958.0
File C:\Program Files\Python312\Lib\base64.py first seen with mtime 1696245958.0
File C:\Users\0405\AppData\Roaming\Python\Python312\site-packages\charset_normalizer\constant.py first seen with mtime 1696611205.4566753
File C:\Users\0405\AppData\Roaming\Python\Python312\site-packages\django\contrib\admin\views\autocomplete.py first seen with mtime 1707916923.0879464
File C:\Users\0405\AppData\Roaming\Python\Python312\site-packages\django\contrib\auth\checks.py first seen with mtime 1707916923.405663
File C:\Users\0405\AppData\Roaming\Python\Python312\site-packages\sqlparse\filters\others.py first seen with mtime 1707916920.468046
File C:\Program Files\Python312\DLLs\_hashlib.pyd first seen with mtime 1696246028.0
File C:\Users\0405\AppData\Roaming\Python\Python312\site-packages\django\contrib\sites\requests.py first seen with mtime 1707916925.8947608
File C:\Users\0405\AppData\Roaming\Python\Python312\site-packages\django\db\backends\__init__.py first seen with mtime 1707916926.373377
File C:\Users\0405\AppData\Roaming\Python\Python312\site-packages\rest_framework\utils\mediatypes.py first seen with mtime 1708082775.0632374
File C:\Users\0405\AppData\Roaming\Python\Python312\site-packages\rest_framework\schemas\generators.py first seen with mtime 1708082774.8297732
File C:\Program Files\Python312\Lib\copyreg.py first seen with mtime 1696245958.0
File C:\Users\0405\AppData\Roaming\Python\Python312\site-packages\django\shortcuts.py first seen with mtime 1707916921.5797563
File C:\Users\0405\AppData\Roaming\Python\Python312\site-packages\django\utils\decorators.py first seen with mtime 1707916926.7813716
File C:\Users\0405\AppData\Roaming\Python\Python312\site-packages\jinja2\filters.py first seen with mtime 1697884625.791486
File C:\Users\0405\AppData\Roaming\Python\Python312\site-packages\rest_framework\__init__.py first seen with mtime 1708082774.595374
File C:\Users\0405\AppData\Roaming\Python\Python312\site-packages\django\utils\version.py first seen with mtime 1707916926.810282
File C:\Users\0405\AppData\Roaming\Python\Python312\site-packages\django\template\loader.py first seen with mtime 1707916926.711773
File C:\Users\0405\AppData\Roaming\Python\Python312\site-packages\django\db\backends\postgresql\introspection.py first seen with mtime 1707916926.4280884
File C:\Program Files\Python312\Lib\asyncio\futures.py first seen with mtime 1696245958.0
File C:\Users\0405\AppData\Roaming\Python\Python312\site-packages\django\template\exceptions.py first seen with mtime 1707916926.7079046
File C:\Users\0405\AppData\Roaming\Python\Python312\site-packages\django\views\generic\__init__.py first seen with mtime 1707916926.8340828
File C:\Users\0405\AppData\Roaming\Python\Python312\site-packages\rest_framework\utils\model_meta.py first seen with mtime 1708082775.0645103
File C:\Users\0405\AppData\Roaming\Python\Python312\site-packages\django\template\loaders\app_directories.py first seen with mtime 1707916926.7273407
File C:\Program Files\Python312\Lib\asyncio\exceptions.py first seen with mtime 1696245958.0
File C:\Users\0405\AppData\Roaming\Python\Python312\site-packages\django\contrib\admin\actions.py first seen with mtime 1707916922.2324798
File C:\Users\0405\AppData\Roaming\Python\Python312\site-packages\django\contrib\postgres\fields\jsonb.py first seen with mtime 1707916925.0161793
File C:\Users\0405\AppData\Roaming\Python\Python312\site-packages\rest_framework_simplejwt\authentication.py first seen with mtime 1708376834.254109
File C:\Program Files\Python312\Lib\string.py first seen with mtime 1696245958.0
File C:\Users\0405\AppData\Roaming\Python\Python312\site-packages\django\urls\exceptions.py first seen with mtime 1707916926.7586174
File C:\Program Files\Python312\Lib\unittest\signals.py first seen with mtime 1696245958.0
File C:\Users\0405\AppData\Roaming\Python\Python312\site-packages\rest_framework\utils\breadcrumbs.py first seen with mtime 1708082775.0533228
File C:\Users\0405\AppData\Roaming\Python\Python312\site-packages\django\contrib\admin\options.py first seen with mtime 1707916922.2436335
File C:\Program Files\Python312\Lib\datetime.py first seen with mtime 1696245958.0
File C:\Users\0405\AppData\Roaming\Python\Python312\site-packages\django\core\checks\translation.py first seen with mtime 1707916926.2642686
File C:\Users\0405\AppData\Roaming\Python\Python312\site-packages\django\contrib\contenttypes\models.py first seen with mtime 1707916923.7585716
File C:\Users\0405\AppData\Roaming\Python\Python312\site-packages\django\views\generic\base.py first seen with mtime 1707916926.8354414
File C:\Users\0405\AppData\Roaming\Python\Python312\site-packages\jinja2\defaults.py first seen with mtime 1697884625.7758548
File C:\Users\0405\AppData\Roaming\Python\Python312\site-packages\django\core\checks\registry.py first seen with mtime 1707916926.2613325
File C:\Users\0405\AppData\Roaming\Python\Python312\site-packages\django\core\checks\async_checks.py first seen with mtime 1707916926.2534778
File C:\Users\0405\AppData\Roaming\Python\Python312\site-packages\idna\package_data.py first seen with mtime 1696611205.2561824
File C:\Users\0405\AppData\Roaming\Python\Python312\site-packages\django\contrib\auth\__init__.py first seen with mtime 1707916923.400898
File C:\Users\0405\AppData\Roaming\Python\Python312\site-packages\rest_framework\permissions.py first seen with mtime 1708082774.6268258
File C:\Users\0405\AppData\Roaming\Python\Python312\site-packages\django\template\__init__.py first seen with mtime 1707916926.6928146
File C:\Users\0405\AppData\Roaming\Python\Python312\site-packages\charset_normalizer\models.py first seen with mtime 1696611205.4566753
File C:\Users\0405\AppData\Roaming\Python\Python312\site-packages\django\db\migrations\operations\base.py first seen with mtime 1707916926.4660091
File C:\Users\0405\AppData\Roaming\Python\Python312\site-packages\django\contrib\auth\base_user.py first seen with mtime 1707916923.4045892
File C:\Program Files\Python312\Lib\encodings\cp1252.py first seen with mtime 1696245958.0
File C:\Users\0405\AppData\Roaming\Python\Python312\site-packages\sqlparse\engine\__init__.py first seen with mtime 1707916920.462226
File C:\Program Files\Python312\Lib\xml\dom\xmlbuilder.py first seen with mtime 1696245958.0
File C:\Users\0405\AppData\Roaming\Python\Python312\site-packages\django\urls\resolvers.py first seen with mtime 1707916926.760765
File C:\Users\0405\AppData\Roaming\Python\Python312\site-packages\rest_framework\request.py first seen with mtime 1708082774.6349032
File C:\Users\0405\AppData\Roaming\Python\Python312\site-packages\django\db\models\query_utils.py first seen with mtime 1707916926.4988291
File C:\Users\0405\AppData\Roaming\Python\Python312\site-packages\corsheaders\defaults.py first seen with mtime 1708082776.3714333
File C:\Users\0405\AppData\Roaming\Python\Python312\site-packages\urllib3\util\ssl_match_hostname.py first seen with mtime 1696611204.869347
File C:\Users\0405\AppData\Roaming\Python\Python312\site-packages\django\utils\choices.py first seen with mtime 1707916926.7709332
File C:\Program Files\Python312\Lib\importlib\_abc.py first seen with mtime 1696245958.0
File C:\Users\0405\AppData\Roaming\Python\Python312\site-packages\django\http\cookie.py first seen with mtime 1707916926.6744561
File C:\Users\0405\AppData\Roaming\Python\Python312\site-packages\jinja2\visitor.py first seen with mtime 1697884625.8136275
File C:\Users\0405\AppData\Roaming\Python\Python312\site-packages\psycopg2\extensions.py first seen with mtime 1707919892.3477733
File C:\Program Files\Python312\Lib\wsgiref\simple_server.py first seen with mtime 1696245958.0
File C:\Program Files\Python312\Lib\ssl.py first seen with mtime 1696245958.0
File C:\Program Files\Python312\Lib\email\generator.py first seen with mtime 1696245958.0
File C:\Program Files\Python312\Lib\decimal.py first seen with mtime 1696245958.0
File C:\Users\0405\AppData\Roaming\Python\Python312\site-packages\django\db\models\base.py first seen with mtime 1707916926.475829
File C:\Users\0405\AppData\Roaming\Python\Python312\site-packages\django\contrib\postgres\search.py first seen with mtime 1707916925.0032814
File C:\Users\0405\AppData\Roaming\Python\Python312\site-packages\django\core\files\locks.py first seen with mtime 1707916926.283825
File C:\Users\0405\AppData\Roaming\Python\Python312\site-packages\django\utils\autoreload.py first seen with mtime 1707916926.7684114
File C:\Users\0405\AppData\Roaming\Python\Python312\site-packages\django\utils\translation\trans_real.py first seen with mtime 1707916926.817342
File C:\Users\0405\AppData\Roaming\Python\Python312\site-packages\jinja2\nodes.py first seen with mtime 1697884625.798002
File C:\Program Files\Python312\Lib\zipfile\__init__.py first seen with mtime 1696245958.0
File C:\Program Files\Python312\Lib\unittest\suite.py first seen with mtime 1696245958.0
File C:\Users\0405\AppData\Roaming\Python\Python312\site-packages\charset_normalizer\md__mypyc.cp312-win_amd64.pyd first seen with mtime 1696611205.4566753
File C:\Users\0405\AppData\Roaming\Python\Python312\site-packages\pytz\__init__.py first seen with mtime 1708082773.476866
File C:\Program Files\Python312\Lib\email\parser.py first seen with mtime 1696245958.0
File C:\Users\0405\AppData\Roaming\Python\Python312\site-packages\django\db\__init__.py first seen with mtime 1707916926.3699281
File C:\Users\0405\AppData\Roaming\Python\Python312\site-packages\django\views\decorators\common.py first seen with mtime 1707916926.8280556
File C:\Users\0405\AppData\Roaming\Python\Python312\site-packages\django\urls\converters.py first seen with mtime 1707916926.7582326
File C:\Program Files\Python312\Lib\asyncio\events.py first seen with mtime 1696245958.0
File C:\Users\0405\AppData\Roaming\Python\Python312\site-packages\sqlparse\formatter.py first seen with mtime 1707916920.4552095
File C:\Users\0405\AppData\Roaming\Python\Python312\site-packages\django\utils\dates.py first seen with mtime 1707916926.77777
File C:\Program Files\Python312\Lib\importlib\resources\readers.py first seen with mtime 1696245958.0
File C:\Program Files\Python312\Lib\re\_casefix.py first seen with mtime 1696245958.0
File C:\Program Files\Python312\Lib\heapq.py first seen with mtime 1696245958.0
File C:\Users\0405\AppData\Roaming\Python\Python312\site-packages\django\core\files\temp.py first seen with mtime 1707916926.2864828
File C:\Users\0405\AppData\Roaming\Python\Python312\site-packages\rest_framework\parsers.py first seen with mtime 1708082774.6248026
File C:\Users\0405\AppData\Roaming\Python\Python312\site-packages\django\db\models\sql\datastructures.py first seen with mtime 1707916926.5302184
File C:\Program Files\Python312\Lib\asyncio\base_events.py first seen with mtime 1696245958.0
File C:\Users\0405\AppData\Roaming\Python\Python312\site-packages\django\contrib\contenttypes\admin.py first seen with mtime 1707916923.7530756
File C:\Users\0405\AppData\Roaming\Python\Python312\site-packages\django\http\request.py first seen with mtime 1707916926.678391
File C:\Users\0405\AppData\Roaming\Python\Python312\site-packages\django\http\multipartparser.py first seen with mtime 1707916926.6763082
File C:\Users\0405\AppData\Roaming\Python\Python312\site-packages\django\utils\http.py first seen with mtime 1707916926.7910202
File C:\Program Files\Python312\Lib\http\client.py first seen with mtime 1696245958.0
File C:\Users\0405\AppData\Roaming\Python\Python312\site-packages\rest_framework\utils\urls.py first seen with mtime 1708082775.0683444
File C:\Users\0405\AppData\Roaming\Python\Python312\site-packages\django\forms\renderers.py first seen with mtime 1707916926.5497346
File C:\Users\0405\AppData\Roaming\Python\Python312\site-packages\django\views\static.py first seen with mtime 1707916926.823326
File C:\Users\0405\AppData\Roaming\Python\Python312\site-packages\django\contrib\admin\templatetags\admin_list.py first seen with mtime 1707916923.0799463
File C:\Users\0405\AppData\Roaming\Python\Python312\site-packages\django\core\mail\__init__.py first seen with mtime 1707916926.3035226
File C:\Program Files\Python312\Lib\importlib\resources\__init__.py first seen with mtime 1696245958.0
File C:\Users\0405\AppData\Roaming\Python\Python312\site-packages\sqlparse\sql.py first seen with mtime 1707916920.4590716
File C:\Program Files\Python312\Lib\contextvars.py first seen with mtime 1696245958.0
File C:\Users\0405\AppData\Roaming\Python\Python312\site-packages\jinja2\idtracking.py first seen with mtime 1697884625.791486
File C:\Program Files\Python312\DLLs\_bz2.pyd first seen with mtime 1696246030.0
File C:\Users\0405\AppData\Roaming\Python\Python312\site-packages\django\contrib\admin\templatetags\log.py first seen with mtime 1707916923.0847018
File C:\Program Files\Python312\Lib\asyncio\staggered.py first seen with mtime 1696245958.0
File C:\Users\0405\AppData\Roaming\Python\Python312\site-packages\rest_framework\response.py first seen with mtime 1708082774.6366801
File C:\Program Files\Python312\Lib\asyncio\constants.py first seen with mtime 1696245958.0
File C:\Users\0405\AppData\Roaming\Python\Python312\site-packages\django\db\migrations\operations\fields.py first seen with mtime 1707916926.467762
File C:\Users\0405\AppData\Roaming\Python\Python312\site-packages\urllib3\util\url.py first seen with mtime 1696611204.869347
File C:\Program Files\Python312\Lib\copy.py first seen with mtime 1696245958.0
File C:\Program Files\Python312\Lib\subprocess.py first seen with mtime 1696245958.0
File C:\Users\0405\AppData\Roaming\Python\Python312\site-packages\django\apps\config.py first seen with mtime 1707916921.580753
File C:\Program Files\Python312\Lib\xml\dom\domreg.py first seen with mtime 1696245958.0
File C:\Program Files\Python312\Lib\bz2.py first seen with mtime 1696245958.0
File C:\Users\0405\AppData\Roaming\Python\Python312\site-packages\jinja2\async_utils.py first seen with mtime 1697884625.7758548
File C:\Users\0405\AppData\Roaming\Python\Python312\site-packages\rest_framework\schemas\coreapi.py first seen with mtime 1708082774.8279436
File C:\Program Files\Python312\Lib\asyncio\format_helpers.py first seen with mtime 1696245958.0
File C:\Licenta\WorkTimeManager\backend\worktimemanager\settings.py first seen with mtime 1709716174.8864446
File C:\Users\0405\AppData\Roaming\Python\Python312\site-packages\rest_framework\templatetags\__init__.py first seen with mtime 1708082775.048887
File C:\Program Files\Python312\Lib\enum.py first seen with mtime 1696245958.0
File C:\Users\0405\AppData\Roaming\Python\Python312\site-packages\django\contrib\sessions\middleware.py first seen with mtime 1707916925.5518463
File C:\Users\0405\AppData\Roaming\Python\Python312\site-packages\urllib3\util\request.py first seen with mtime 1696611204.8613522
File C:\Users\0405\AppData\Roaming\Python\Python312\site-packages\django\contrib\admin\models.py first seen with mtime 1707916922.242482
File C:\Users\0405\AppData\Roaming\Python\Python312\site-packages\django\db\models\functions\datetime.py first seen with mtime 1707916926.5201395
File C:\Program Files\Python312\Lib\calendar.py first seen with mtime 1696245958.0
File C:\Program Files\Python312\Lib\textwrap.py first seen with mtime 1696245958.0
File C:\Users\0405\AppData\Roaming\Python\Python312\site-packages\django\db\models\expressions.py first seen with mtime 1707916926.4876394
File C:\Users\0405\AppData\Roaming\Python\Python312\site-packages\asgiref\__init__.py first seen with mtime 1707916921.1535132
File C:\Program Files\Python312\Lib\asyncio\coroutines.py first seen with mtime 1696245958.0
File C:\Users\0405\AppData\Roaming\Python\Python312\site-packages\django\contrib\admin\exceptions.py first seen with mtime 1707916922.2374566
File C:\Program Files\Python312\Lib\importlib\metadata\__init__.py first seen with mtime 1696245958.0
File C:\Program Files\Python312\Lib\weakref.py first seen with mtime 1696245958.0
File C:\Users\0405\AppData\Roaming\Python\Python312\site-packages\django\views\generic\edit.py first seen with mtime 1707916926.8386989
File C:\Licenta\WorkTimeManager\backend\worktimemanager\admin.py first seen with mtime 1709666587.4137757
File C:\Users\0405\AppData\Roaming\Python\Python312\site-packages\django\test\testcases.py first seen with mtime 1707916926.751243
File C:\Users\0405\AppData\Roaming\Python\Python312\site-packages\jinja2\environment.py first seen with mtime 1697884625.7758548
File C:\Users\0405\AppData\Roaming\Python\Python312\site-packages\django\template\smartif.py first seen with mtime 1707916926.7167604
File C:\Users\0405\AppData\Roaming\Python\Python312\site-packages\django\core\serializers\json.py first seen with mtime 1707916926.3598127
File C:\Users\0405\AppData\Roaming\Python\Python312\site-packages\django\utils\module_loading.py first seen with mtime 1707916926.8012352
File C:\Program Files\Python312\Lib\collections\__init__.py first seen with mtime 1696245958.0
File C:\Users\0405\AppData\Roaming\Python\Python312\site-packages\rest_framework\metadata.py first seen with mtime 1708082774.6173997
File C:\Users\0405\AppData\Roaming\Python\Python312\site-packages\django\contrib\admin\helpers.py first seen with mtime 1707916922.241489
File C:\Program Files\Python312\Lib\encodings\aliases.py first seen with mtime 1696245958.0
File C:\Users\0405\AppData\Roaming\Python\Python312\site-packages\django\core\cache\backends\__init__.py first seen with mtime 1707916926.2414913
File C:\Users\0405\AppData\Roaming\Python\Python312\site-packages\django\dispatch\__init__.py first seen with mtime 1707916926.5380175
File C:\Users\0405\AppData\Roaming\Python\Python312\site-packages\django\db\migrations\operations\special.py first seen with mtime 1707916926.4709435
File C:\Users\0405\AppData\Roaming\Python\Python312\site-packages\django\forms\utils.py first seen with mtime 1707916926.5530326
File C:\Users\0405\AppData\Roaming\Python\Python312\site-packages\django\db\models\fields\reverse_related.py first seen with mtime 1707916926.5159934
File C:\Users\0405\AppData\Roaming\Python\Python312\site-packages\django\db\backends\base\base.py first seen with mtime 1707916926.3802178
File C:\Users\0405\AppData\Roaming\Python\Python312\site-packages\django\views\i18n.py first seen with mtime 1707916926.8229377
File C:\Users\0405\AppData\Roaming\Python\Python312\site-packages\django\core\handlers\exception.py first seen with mtime 1707916926.3013072
File C:\Users\0405\AppData\Roaming\Python\Python312\site-packages\django\db\models\indexes.py first seen with mtime 1707916926.4888546
File C:\Program Files\Python312\Lib\pprint.py first seen with mtime 1696245958.0
File C:\Program Files\Python312\Lib\email\_parseaddr.py first seen with mtime 1696245958.0
File C:\Users\0405\AppData\Roaming\Python\Python312\site-packages\requests\utils.py first seen with mtime 1696611205.733248
File C:\Users\0405\AppData\Roaming\Python\Python312\site-packages\django\contrib\auth\validators.py first seen with mtime 1707916923.424194
File C:\Users\0405\AppData\Roaming\Python\Python312\site-packages\django\core\checks\__init__.py first seen with mtime 1707916926.2525764
File C:\Users\0405\AppData\Roaming\Python\Python312\site-packages\django\core\signals.py first seen with mtime 1707916926.2315972
File C:\Users\0405\AppData\Roaming\Python\Python312\site-packages\django\core\management\commands\runserver.py first seen with mtime 1707916926.3360584
File C:\Users\0405\AppData\Roaming\Python\Python312\site-packages\django\template\engine.py first seen with mtime 1707916926.7026012
File C:\Users\0405\AppData\Roaming\Python\Python312\site-packages\urllib3\contrib\__init__.py first seen with mtime 1696611204.845364
File C:\Users\0405\AppData\Roaming\Python\Python312\site-packages\django\core\cache\__init__.py first seen with mtime 1707916926.238499
File C:\Program Files\Python312\Lib\importlib\abc.py first seen with mtime 1696245958.0
File C:\Users\0405\AppData\Roaming\Python\Python312\site-packages\django\http\response.py first seen with mtime 1707916926.6798143
File C:\Users\0405\AppData\Roaming\Python\Python312\site-packages\sqlparse\filters\reindent.py first seen with mtime 1707916920.4706051
File C:\Users\0405\AppData\Roaming\Python\Python312\site-packages\django\core\checks\messages.py first seen with mtime 1707916926.2583368
File C:\Users\0405\AppData\Roaming\Python\Python312\site-packages\jinja2\optimizer.py first seen with mtime 1697884625.798002
File C:\Users\0405\AppData\Roaming\Python\Python312\site-packages\django\test\html.py first seen with mtime 1707916926.7447548
File C:\Program Files\Python312\Lib\zipfile\_path\__init__.py first seen with mtime 1696245958.0
File C:\Users\0405\AppData\Roaming\Python\Python312\site-packages\sqlparse\filters\output.py first seen with mtime 1707916920.4696364
File C:\Users\0405\AppData\Roaming\Python\Python312\site-packages\django\contrib\contenttypes\forms.py first seen with mtime 1707916923.7573311
File C:\Users\0405\AppData\Roaming\Python\Python312\site-packages\django\db\models\__init__.py first seen with mtime 1707916926.4727118
File C:\Licenta\WorkTimeManager\backend\worktimemanager\serializers.py first seen with mtime 1709672166.2404177
File C:\Program Files\Python312\Lib\concurrent\futures\thread.py first seen with mtime 1696245958.0
File C:\Users\0405\AppData\Roaming\Python\Python312\site-packages\django\template\context.py first seen with mtime 1707916926.6966498
File C:\Users\0405\AppData\Roaming\Python\Python312\site-packages\django\forms\forms.py first seen with mtime 1707916926.5458996
File C:\Users\0405\AppData\Roaming\Python\Python312\site-packages\pytz\lazy.py first seen with mtime 1708082773.4801478
File C:\Users\0405\AppData\Roaming\Python\Python312\site-packages\django\db\backends\signals.py first seen with mtime 1707916926.3763475
File C:\Program Files\Python312\DLLs\_asyncio.pyd first seen with mtime 1696246028.0
File C:\Users\0405\AppData\Roaming\Python\Python312\site-packages\django\db\migrations\operations\models.py first seen with mtime 1707916926.4685276
File C:\Program Files\Python312\Lib\quopri.py first seen with mtime 1696245958.0
File C:\Users\0405\AppData\Roaming\Python\Python312\site-packages\django\db\backends\postgresql\__init__.py first seen with mtime 1707916926.4223228
File C:\Users\0405\AppData\Roaming\Python\Python312\site-packages\urllib3\filepost.py first seen with mtime 1696611204.8373694
File C:\Program Files\Python312\Lib\asyncio\sslproto.py first seen with mtime 1696245958.0
File C:\Users\0405\AppData\Roaming\Python\Python312\site-packages\django\contrib\postgres\forms\hstore.py first seen with mtime 1707916925.0219774
File C:\Users\0405\AppData\Roaming\Python\Python312\site-packages\django\core\serializers\__init__.py first seen with mtime 1707916926.3574917
File C:\Users\0405\AppData\Roaming\Python\Python312\site-packages\urllib3\util\proxy.py first seen with mtime 1696611204.853359
File C:\Users\0405\AppData\Roaming\Python\Python312\site-packages\requests\sessions.py first seen with mtime 1696611205.733248
File C:\Users\0405\AppData\Roaming\Python\Python312\site-packages\django\db\models\deletion.py first seen with mtime 1707916926.4842808
File C:\Program Files\Python312\Lib\json\encoder.py first seen with mtime 1696245958.0
File C:\Program Files\Python312\Lib\html\entities.py first seen with mtime 1696245958.0
File C:\Users\0405\AppData\Roaming\Python\Python312\site-packages\django\conf\locale\__init__.py first seen with mtime 1707916921.5965233
File C:\Users\0405\AppData\Roaming\Python\Python312\site-packages\django\contrib\sites\shortcuts.py first seen with mtime 1707916925.8970554
File C:\Program Files\Python312\DLLs\_socket.pyd first seen with mtime 1696246028.0
File C:\Program Files\Python312\Lib\html\__init__.py first seen with mtime 1696245958.0
File C:\Users\0405\AppData\Roaming\Python\Python312\site-packages\jinja2\utils.py first seen with mtime 1697884625.798002
File C:\Users\0405\AppData\Roaming\Python\Python312\site-packages\django\core\checks\files.py first seen with mtime 1707916926.2573402
File C:\Users\0405\AppData\Roaming\Python\Python312\site-packages\urllib3\exceptions.py first seen with mtime 1696611204.8373694
File C:\Users\0405\AppData\Roaming\Python\Python312\site-packages\charset_normalizer\utils.py first seen with mtime 1696611205.4566753
File C:\Users\0405\AppData\Roaming\Python\Python312\site-packages\django\db\backends\base\creation.py first seen with mtime 1707916926.3821695
File C:\Program Files\Python312\Lib\urllib\response.py first seen with mtime 1696245958.0
File C:\Users\0405\AppData\Roaming\Python\Python312\site-packages\django\views\__init__.py first seen with mtime 1707916926.818897
File C:\Program Files\Python312\Lib\re\_constants.py first seen with mtime 1696245958.0
File C:\Users\0405\AppData\Roaming\Python\Python312\site-packages\rest_framework\schemas\openapi.py first seen with mtime 1708082774.838326
File C:\Users\0405\AppData\Roaming\Python\Python312\site-packages\django\db\backends\postgresql\psycopg_any.py first seen with mtime 1707916926.4280884
File C:\Users\0405\AppData\Roaming\Python\Python312\site-packages\django\db\models\fields\related_descriptors.py first seen with mtime 1707916926.5133893
File C:\Program Files\Python312\Lib\email\encoders.py first seen with mtime 1696245958.0
File C:\Users\0405\AppData\Roaming\Python\Python312\site-packages\django\db\backends\base\schema.py first seen with mtime 1707916926.3893023
File C:\Users\0405\AppData\Roaming\Python\Python312\site-packages\django\template\loaders\cached.py first seen with mtime 1707916926.7288797
File C:\Users\0405\AppData\Roaming\Python\Python312\site-packages\django\apps\__init__.py first seen with mtime 1707916921.580753
File C:\Users\0405\AppData\Roaming\Python\Python312\site-packages\django\core\management\__init__.py first seen with mtime 1707916926.3141165
File C:\Program Files\Python312\Lib\collections\abc.py first seen with mtime 1696245958.0
File C:\Program Files\Python312\Lib\email\mime\message.py first seen with mtime 1696245958.0
File C:\Users\0405\AppData\Roaming\Python\Python312\site-packages\django\contrib\postgres\fields\array.py first seen with mtime 1707916925.012635
File C:\Users\0405\AppData\Roaming\Python\Python312\site-packages\django\contrib\sessions\backends\base.py first seen with mtime 1707916925.5564747
File C:\Users\0405\AppData\Roaming\Python\Python312\site-packages\rest_framework\templatetags\rest_framework.py first seen with mtime 1708082775.0506556
File C:\Users\0405\AppData\Roaming\Python\Python312\site-packages\django\contrib\staticfiles\views.py first seen with mtime 1707916926.2156105
File C:\Program Files\Python312\Lib\asyncio\queues.py first seen with mtime 1696245958.0
File C:\Users\0405\AppData\Roaming\Python\Python312\site-packages\django\views\generic\detail.py first seen with mtime 1707916926.8374226
File C:\Users\0405\AppData\Roaming\Python\Python312\site-packages\sqlparse\engine\grouping.py first seen with mtime 1707916920.4645257
File C:\Program Files\Python312\Lib\email\__init__.py first seen with mtime 1696245958.0
File C:\Program Files\Python312\Lib\importlib\metadata\_text.py first seen with mtime 1696245958.0
File C:\Users\0405\AppData\Roaming\Python\Python312\site-packages\colorama\initialise.py first seen with mtime 1697884624.4104996
File C:\Users\0405\AppData\Roaming\Python\Python312\site-packages\django\core\files\__init__.py first seen with mtime 1707916926.2795353
File C:\Users\0405\AppData\Roaming\Python\Python312\site-packages\django\utils\cache.py first seen with mtime 1707916926.7699358
File C:\Users\0405\AppData\Roaming\Python\Python312\site-packages\django\templatetags\cache.py first seen with mtime 1707916926.7349305
File C:\Users\0405\AppData\Roaming\Python\Python312\site-packages\django\utils\encoding.py first seen with mtime 1707916926.783615
File C:\Program Files\Python312\Lib\importlib\readers.py first seen with mtime 1696245958.0
File C:\Program Files\Python312\Lib\logging\handlers.py first seen with mtime 1696245958.0
File C:\Program Files\Python312\Lib\asyncio\base_subprocess.py first seen with mtime 1696245958.0
File C:\Users\0405\AppData\Roaming\Python\Python312\site-packages\requests\hooks.py first seen with mtime 1696611205.733248
File C:\Users\0405\AppData\Roaming\Python\Python312\site-packages\django\core\cache\backends\locmem.py first seen with mtime 1707916926.248588
File C:\Users\0405\AppData\Roaming\Python\Python312\site-packages\django\core\files\utils.py first seen with mtime 1707916926.2894747
File C:\Users\0405\AppData\Roaming\Python\Python312\site-packages\django\forms\widgets.py first seen with mtime 1707916926.553505
File C:\Users\0405\AppData\Roaming\Python\Python312\site-packages\rest_framework\negotiation.py first seen with mtime 1708082774.6212282
File C:\Users\0405\AppData\Roaming\Python\Python312\site-packages\django\db\models\sql\__init__.py first seen with mtime 1707916926.5266936
File C:\Users\0405\AppData\Roaming\Python\Python312\site-packages\urllib3\fields.py first seen with mtime 1696611204.8373694
File C:\Users\0405\AppData\Roaming\Python\Python312\site-packages\django\core\handlers\wsgi.py first seen with mtime 1707916926.3023343
File C:\Users\0405\AppData\Roaming\Python\Python312\site-packages\django\db\backends\base\introspection.py first seen with mtime 1707916926.3861337
File C:\Program Files\Python312\Lib\asyncio\windows_events.py first seen with mtime 1696245958.0
File C:\Users\0405\AppData\Roaming\Python\Python312\site-packages\colorama\__init__.py first seen with mtime 1697884624.4104996
File C:\Users\0405\AppData\Roaming\Python\Python312\site-packages\django\contrib\staticfiles\management\commands\__init__.py first seen with mtime 1707916926.217608
File C:\Users\0405\AppData\Roaming\Python\Python312\site-packages\django\urls\utils.py first seen with mtime 1707916926.7614284
File C:\Users\0405\AppData\Roaming\Python\Python312\site-packages\django\middleware\__init__.py first seen with mtime 1707916926.6804526
File C:\Users\0405\AppData\Roaming\Python\Python312\site-packages\django\db\migrations\exceptions.py first seen with mtime 1707916926.450488
File C:\Program Files\Python312\Lib\importlib\resources\_legacy.py first seen with mtime 1696245958.0
File C:\Program Files\Python312\Lib\mimetypes.py first seen with mtime 1696245958.0
File C:\Users\0405\AppData\Roaming\Python\Python312\site-packages\django\conf\global_settings.py first seen with mtime 1707916921.5865965
File C:\Users\0405\AppData\Roaming\Python\Python312\site-packages\django\test\client.py first seen with mtime 1707916926.7437685
File C:\Program Files\Python312\Lib\selectors.py first seen with mtime 1696245958.0
File C:\Users\0405\AppData\Roaming\Python\Python312\site-packages\django\core\files\storage\__init__.py first seen with mtime 1707916926.291665
File C:\Program Files\Python312\Lib\json\scanner.py first seen with mtime 1696245958.0
File C:\Program Files\Python312\Lib\xml\__init__.py first seen with mtime 1696245958.0
File C:\Program Files\Python312\Lib\concurrent\futures\_base.py first seen with mtime 1696245958.0
File C:\Users\0405\AppData\Roaming\Python\Python312\site-packages\django\contrib\admin\views\decorators.py first seen with mtime 1707916923.0891201
File C:\Users\0405\AppData\Roaming\Python\Python312\site-packages\rest_framework\templates\rest_framework first seen with mtime 1708082775.0327084
File C:\Users\0405\AppData\Roaming\Python\Python312\site-packages\rest_framework\templates\rest_framework\admin first seen with mtime 1708082774.9577303
File C:\Users\0405\AppData\Roaming\Python\Python312\site-packages\rest_framework\templates\rest_framework\admin.html first seen with mtime 1708082774.938089
File C:\Users\0405\AppData\Roaming\Python\Python312\site-packages\rest_framework\templates\rest_framework\api.html first seen with mtime 1708082774.9395113
File C:\Users\0405\AppData\Roaming\Python\Python312\site-packages\rest_framework\templates\rest_framework\base.html first seen with mtime 1708082774.941487
File C:\Users\0405\AppData\Roaming\Python\Python312\site-packages\rest_framework\templates\rest_framework\docs first seen with mtime 1708082774.9769566
File C:\Users\0405\AppData\Roaming\Python\Python312\site-packages\rest_framework\templates\rest_framework\filters first seen with mtime 1708082774.99356
File C:\Users\0405\AppData\Roaming\Python\Python312\site-packages\rest_framework\templates\rest_framework\horizontal first seen with mtime 1708082775.0127845
File C:\Users\0405\AppData\Roaming\Python\Python312\site-packages\rest_framework\templates\rest_framework\inline first seen with mtime 1708082775.0297658
File C:\Users\0405\AppData\Roaming\Python\Python312\site-packages\rest_framework\templates\rest_framework\login.html first seen with mtime 1708082774.9434867
File C:\Users\0405\AppData\Roaming\Python\Python312\site-packages\rest_framework\templates\rest_framework\login_base.html first seen with mtime 1708082774.945377
File C:\Users\0405\AppData\Roaming\Python\Python312\site-packages\rest_framework\templates\rest_framework\pagination first seen with mtime 1708082775.0320961
File C:\Users\0405\AppData\Roaming\Python\Python312\site-packages\rest_framework\templates\rest_framework\raw_data_form.html first seen with mtime 1708082774.9471912
File C:\Users\0405\AppData\Roaming\Python\Python312\site-packages\rest_framework\templates\rest_framework\schema.js first seen with mtime 1708082774.9487312
File C:\Users\0405\AppData\Roaming\Python\Python312\site-packages\rest_framework\templates\rest_framework\vertical first seen with mtime 1708082775.0476255
File C:\Users\0405\AppData\Roaming\Python\Python312\site-packages\rest_framework\templates\rest_framework\admin\detail.html first seen with mtime 1708082774.9498367
File C:\Users\0405\AppData\Roaming\Python\Python312\site-packages\rest_framework\templates\rest_framework\admin\dict_value.html first seen with mtime 1708082774.952067
File C:\Users\0405\AppData\Roaming\Python\Python312\site-packages\rest_framework\templates\rest_framework\admin\list.html first seen with mtime 1708082774.953521
File C:\Users\0405\AppData\Roaming\Python\Python312\site-packages\rest_framework\templates\rest_framework\admin\list_value.html first seen with mtime 1708082774.9557323
File C:\Users\0405\AppData\Roaming\Python\Python312\site-packages\rest_framework\templates\rest_framework\admin\simple_list_value.html first seen with mtime 1708082774.957912
File C:\Users\0405\AppData\Roaming\Python\Python312\site-packages\rest_framework\templates\rest_framework\docs\auth first seen with mtime 1708082774.9749582
File C:\Users\0405\AppData\Roaming\Python\Python312\site-packages\rest_framework\templates\rest_framework\docs\document.html first seen with mtime 1708082774.9601872
File C:\Users\0405\AppData\Roaming\Python\Python312\site-packages\rest_framework\templates\rest_framework\docs\error.html first seen with mtime 1708082774.9618096
File C:\Users\0405\AppData\Roaming\Python\Python312\site-packages\rest_framework\templates\rest_framework\docs\index.html first seen with mtime 1708082774.9638112
File C:\Users\0405\AppData\Roaming\Python\Python312\site-packages\rest_framework\templates\rest_framework\docs\interact.html first seen with mtime 1708082774.9656727
File C:\Users\0405\AppData\Roaming\Python\Python312\site-packages\rest_framework\templates\rest_framework\docs\langs first seen with mtime 1708082774.9886835
File C:\Users\0405\AppData\Roaming\Python\Python312\site-packages\rest_framework\templates\rest_framework\docs\link.html first seen with mtime 1708082774.9676735
File C:\Users\0405\AppData\Roaming\Python\Python312\site-packages\rest_framework\templates\rest_framework\docs\sidebar.html first seen with mtime 1708082774.969743
File C:\Users\0405\AppData\Roaming\Python\Python312\site-packages\rest_framework\templates\rest_framework\filters\base.html first seen with mtime 1708082774.991068
File C:\Users\0405\AppData\Roaming\Python\Python312\site-packages\rest_framework\templates\rest_framework\filters\ordering.html first seen with mtime 1708082774.9923537
File C:\Users\0405\AppData\Roaming\Python\Python312\site-packages\rest_framework\templates\rest_framework\filters\search.html first seen with mtime 1708082774.99356
File C:\Users\0405\AppData\Roaming\Python\Python312\site-packages\rest_framework\templates\rest_framework\horizontal\checkbox.html first seen with mtime 1708082774.995942
File C:\Users\0405\AppData\Roaming\Python\Python312\site-packages\rest_framework\templates\rest_framework\horizontal\checkbox_multiple.html first seen with mtime 1708082774.9973478
File C:\Users\0405\AppData\Roaming\Python\Python312\site-packages\rest_framework\templates\rest_framework\horizontal\dict_field.html first seen with mtime 1708082774.9991977
File C:\Users\0405\AppData\Roaming\Python\Python312\site-packages\rest_framework\templates\rest_framework\horizontal\fieldset.html first seen with mtime 1708082775.000753
File C:\Users\0405\AppData\Roaming\Python\Python312\site-packages\rest_framework\templates\rest_framework\horizontal\form.html first seen with mtime 1708082775.002321
File C:\Users\0405\AppData\Roaming\Python\Python312\site-packages\rest_framework\templates\rest_framework\horizontal\input.html first seen with mtime 1708082775.0043428
File C:\Users\0405\AppData\Roaming\Python\Python312\site-packages\rest_framework\templates\rest_framework\horizontal\list_field.html first seen with mtime 1708082775.0060961
File C:\Users\0405\AppData\Roaming\Python\Python312\site-packages\rest_framework\templates\rest_framework\horizontal\list_fieldset.html first seen with mtime 1708082775.0073168
File C:\Users\0405\AppData\Roaming\Python\Python312\site-packages\rest_framework\templates\rest_framework\horizontal\radio.html first seen with mtime 1708082775.0091596
File C:\Users\0405\AppData\Roaming\Python\Python312\site-packages\rest_framework\templates\rest_framework\horizontal\select.html first seen with mtime 1708082775.010491
File C:\Users\0405\AppData\Roaming\Python\Python312\site-packages\rest_framework\templates\rest_framework\horizontal\select_multiple.html first seen with mtime 1708082775.0117848
File C:\Users\0405\AppData\Roaming\Python\Python312\site-packages\rest_framework\templates\rest_framework\horizontal\textarea.html first seen with mtime 1708082775.0131583
File C:\Users\0405\AppData\Roaming\Python\Python312\site-packages\rest_framework\templates\rest_framework\inline\checkbox.html first seen with mtime 1708082775.0145597
File C:\Users\0405\AppData\Roaming\Python\Python312\site-packages\rest_framework\templates\rest_framework\inline\checkbox_multiple.html first seen with mtime 1708082775.0157251
File C:\Users\0405\AppData\Roaming\Python\Python312\site-packages\rest_framework\templates\rest_framework\inline\dict_field.html first seen with mtime 1708082775.0171895
File C:\Users\0405\AppData\Roaming\Python\Python312\site-packages\rest_framework\templates\rest_framework\inline\fieldset.html first seen with mtime 1708082775.0185058
File C:\Users\0405\AppData\Roaming\Python\Python312\site-packages\rest_framework\templates\rest_framework\inline\form.html first seen with mtime 1708082775.0196297
File C:\Users\0405\AppData\Roaming\Python\Python312\site-packages\rest_framework\templates\rest_framework\inline\input.html first seen with mtime 1708082775.0213969
File C:\Users\0405\AppData\Roaming\Python\Python312\site-packages\rest_framework\templates\rest_framework\inline\list_field.html first seen with mtime 1708082775.0228844
File C:\Users\0405\AppData\Roaming\Python\Python312\site-packages\rest_framework\templates\rest_framework\inline\list_fieldset.html first seen with mtime 1708082775.0243726
File C:\Users\0405\AppData\Roaming\Python\Python312\site-packages\rest_framework\templates\rest_framework\inline\radio.html first seen with mtime 1708082775.025857
File C:\Users\0405\AppData\Roaming\Python\Python312\site-packages\rest_framework\templates\rest_framework\inline\select.html first seen with mtime 1708082775.0276463
File C:\Users\0405\AppData\Roaming\Python\Python312\site-packages\rest_framework\templates\rest_framework\inline\select_multiple.html first seen with mtime 1708082775.0287583
File C:\Users\0405\AppData\Roaming\Python\Python312\site-packages\rest_framework\templates\rest_framework\inline\textarea.html first seen with mtime 1708082775.0300999
File C:\Users\0405\AppData\Roaming\Python\Python312\site-packages\rest_framework\templates\rest_framework\pagination\numbers.html first seen with mtime 1708082775.0310996
File C:\Users\0405\AppData\Roaming\Python\Python312\site-packages\rest_framework\templates\rest_framework\pagination\previous_and_next.html first seen with mtime 1708082775.0327084
File C:\Users\0405\AppData\Roaming\Python\Python312\site-packages\rest_framework\templates\rest_framework\vertical\checkbox.html first seen with mtime 1708082775.0339844
File C:\Users\0405\AppData\Roaming\Python\Python312\site-packages\rest_framework\templates\rest_framework\vertical\checkbox_multiple.html first seen with mtime 1708082775.0351658
File C:\Users\0405\AppData\Roaming\Python\Python312\site-packages\rest_framework\templates\rest_framework\vertical\dict_field.html first seen with mtime 1708082775.0366366
File C:\Users\0405\AppData\Roaming\Python\Python312\site-packages\rest_framework\templates\rest_framework\vertical\fieldset.html first seen with mtime 1708082775.038199
File C:\Users\0405\AppData\Roaming\Python\Python312\site-packages\rest_framework\templates\rest_framework\vertical\form.html first seen with mtime 1708082775.0393698
File C:\Users\0405\AppData\Roaming\Python\Python312\site-packages\rest_framework\templates\rest_framework\vertical\input.html first seen with mtime 1708082775.040537
File C:\Users\0405\AppData\Roaming\Python\Python312\site-packages\rest_framework\templates\rest_framework\vertical\list_field.html first seen with mtime 1708082775.0416782
File C:\Users\0405\AppData\Roaming\Python\Python312\site-packages\rest_framework\templates\rest_framework\vertical\list_fieldset.html first seen with mtime 1708082775.0430777
File C:\Users\0405\AppData\Roaming\Python\Python312\site-packages\rest_framework\templates\rest_framework\vertical\radio.html first seen with mtime 1708082775.0442243
File C:\Users\0405\AppData\Roaming\Python\Python312\site-packages\rest_framework\templates\rest_framework\vertical\select.html first seen with mtime 1708082775.0454266
File C:\Users\0405\AppData\Roaming\Python\Python312\site-packages\rest_framework\templates\rest_framework\vertical\select_multiple.html first seen with mtime 1708082775.0466278
File C:\Users\0405\AppData\Roaming\Python\Python312\site-packages\rest_framework\templates\rest_framework\vertical\textarea.html first seen with mtime 1708082775.0478897
File C:\Users\0405\AppData\Roaming\Python\Python312\site-packages\rest_framework\templates\rest_framework\docs\auth\basic.html first seen with mtime 1708082774.9721355
File C:\Users\0405\AppData\Roaming\Python\Python312\site-packages\rest_framework\templates\rest_framework\docs\auth\session.html first seen with mtime 1708082774.9739592
File C:\Users\0405\AppData\Roaming\Python\Python312\site-packages\rest_framework\templates\rest_framework\docs\auth\token.html first seen with mtime 1708082774.975955
File C:\Users\0405\AppData\Roaming\Python\Python312\site-packages\rest_framework\templates\rest_framework\docs\langs\javascript-intro.html first seen with mtime 1708082774.9780924
File C:\Users\0405\AppData\Roaming\Python\Python312\site-packages\rest_framework\templates\rest_framework\docs\langs\javascript.html first seen with mtime 1708082774.9790897
File C:\Users\0405\AppData\Roaming\Python\Python312\site-packages\rest_framework\templates\rest_framework\docs\langs\python-intro.html first seen with mtime 1708082774.9790897
File C:\Users\0405\AppData\Roaming\Python\Python312\site-packages\rest_framework\templates\rest_framework\docs\langs\python.html first seen with mtime 1708082774.9790897
File C:\Users\0405\AppData\Roaming\Python\Python312\site-packages\rest_framework\templates\rest_framework\docs\langs\shell-intro.html first seen with mtime 1708082774.9868507
File C:\Users\0405\AppData\Roaming\Python\Python312\site-packages\rest_framework\templates\rest_framework\docs\langs\shell.html first seen with mtime 1708082774.9890008
File C:\Users\0405\AppData\Roaming\Python\Python312\site-packages\rest_framework\locale\ach\LC_MESSAGES\django.mo first seen with mtime 1708082774.6911905
File C:\Users\0405\AppData\Roaming\Python\Python312\site-packages\rest_framework\locale\ar\LC_MESSAGES\django.mo first seen with mtime 1708082774.693743
File C:\Users\0405\AppData\Roaming\Python\Python312\site-packages\rest_framework\locale\az\LC_MESSAGES\django.mo first seen with mtime 1708082774.6960738
File C:\Users\0405\AppData\Roaming\Python\Python312\site-packages\rest_framework\locale\be\LC_MESSAGES\django.mo first seen with mtime 1708082774.6970725
File C:\Users\0405\AppData\Roaming\Python\Python312\site-packages\rest_framework\locale\bg\LC_MESSAGES\django.mo first seen with mtime 1708082774.6996865
File C:\Users\0405\AppData\Roaming\Python\Python312\site-packages\rest_framework\locale\ca\LC_MESSAGES\django.mo first seen with mtime 1708082774.7011125
File C:\Users\0405\AppData\Roaming\Python\Python312\site-packages\rest_framework\locale\ca_ES\LC_MESSAGES\django.mo first seen with mtime 1708082774.7041864
File C:\Users\0405\AppData\Roaming\Python\Python312\site-packages\rest_framework\locale\cs\LC_MESSAGES\django.mo first seen with mtime 1708082774.7066188
File C:\Users\0405\AppData\Roaming\Python\Python312\site-packages\rest_framework\locale\da\LC_MESSAGES\django.mo first seen with mtime 1708082774.7076163
File C:\Users\0405\AppData\Roaming\Python\Python312\site-packages\rest_framework\locale\de\LC_MESSAGES\django.mo first seen with mtime 1708082774.709476
File C:\Users\0405\AppData\Roaming\Python\Python312\site-packages\rest_framework\locale\el\LC_MESSAGES\django.mo first seen with mtime 1708082774.7122443
File C:\Users\0405\AppData\Roaming\Python\Python312\site-packages\rest_framework\locale\el_GR\LC_MESSAGES\django.mo first seen with mtime 1708082774.7142398
File C:\Users\0405\AppData\Roaming\Python\Python312\site-packages\rest_framework\locale\en\LC_MESSAGES\django.mo first seen with mtime 1708082774.7160285
File C:\Users\0405\AppData\Roaming\Python\Python312\site-packages\rest_framework\locale\en_AU\LC_MESSAGES\django.mo first seen with mtime 1708082774.7170992
File C:\Users\0405\AppData\Roaming\Python\Python312\site-packages\rest_framework\locale\en_CA\LC_MESSAGES\django.mo first seen with mtime 1708082774.719803
File C:\Users\0405\AppData\Roaming\Python\Python312\site-packages\rest_framework\locale\en_US\LC_MESSAGES\django.mo first seen with mtime 1708082774.721799
File C:\Users\0405\AppData\Roaming\Python\Python312\site-packages\rest_framework\locale\es\LC_MESSAGES\django.mo first seen with mtime 1708082774.7237923
File C:\Users\0405\AppData\Roaming\Python\Python312\site-packages\rest_framework\locale\et\LC_MESSAGES\django.mo first seen with mtime 1708082774.7260282
File C:\Users\0405\AppData\Roaming\Python\Python312\site-packages\rest_framework\locale\fa\LC_MESSAGES\django.mo first seen with mtime 1708082774.727026
File C:\Users\0405\AppData\Roaming\Python\Python312\site-packages\rest_framework\locale\fa_IR\LC_MESSAGES\django.mo first seen with mtime 1708082774.7289712
File C:\Users\0405\AppData\Roaming\Python\Python312\site-packages\rest_framework\locale\fi\LC_MESSAGES\django.mo first seen with mtime 1708082774.7309644
File C:\Users\0405\AppData\Roaming\Python\Python312\site-packages\rest_framework\locale\fr\LC_MESSAGES\django.mo first seen with mtime 1708082774.7327332
File C:\Users\0405\AppData\Roaming\Python\Python312\site-packages\rest_framework\locale\fr_CA\LC_MESSAGES\django.mo first seen with mtime 1708082774.7341328
File C:\Users\0405\AppData\Roaming\Python\Python312\site-packages\rest_framework\locale\gl\LC_MESSAGES\django.mo first seen with mtime 1708082774.7368877
File C:\Users\0405\AppData\Roaming\Python\Python312\site-packages\rest_framework\locale\gl_ES\LC_MESSAGES\django.mo first seen with mtime 1708082774.7388816
File C:\Users\0405\AppData\Roaming\Python\Python312\site-packages\rest_framework\locale\he_IL\LC_MESSAGES\django.mo first seen with mtime 1708082774.739567
File C:\Users\0405\AppData\Roaming\Python\Python312\site-packages\rest_framework\locale\hu\LC_MESSAGES\django.mo first seen with mtime 1708082774.7420385
File C:\Users\0405\AppData\Roaming\Python\Python312\site-packages\rest_framework\locale\hy\LC_MESSAGES\django.mo first seen with mtime 1708082774.744034
File C:\Users\0405\AppData\Roaming\Python\Python312\site-packages\rest_framework\locale\id\LC_MESSAGES\django.mo first seen with mtime 1708082774.7460282
File C:\Users\0405\AppData\Roaming\Python\Python312\site-packages\rest_framework\locale\it\LC_MESSAGES\django.mo first seen with mtime 1708082774.7480223
File C:\Users\0405\AppData\Roaming\Python\Python312\site-packages\rest_framework\locale\ja\LC_MESSAGES\django.mo first seen with mtime 1708082774.7503655
File C:\Users\0405\AppData\Roaming\Python\Python312\site-packages\rest_framework\locale\ko_KR\LC_MESSAGES\django.mo first seen with mtime 1708082774.7523615
File C:\Users\0405\AppData\Roaming\Python\Python312\site-packages\rest_framework\locale\lt\LC_MESSAGES\django.mo first seen with mtime 1708082774.7546215
File C:\Users\0405\AppData\Roaming\Python\Python312\site-packages\rest_framework\locale\lv\LC_MESSAGES\django.mo first seen with mtime 1708082774.7565405
File C:\Users\0405\AppData\Roaming\Python\Python312\site-packages\rest_framework\locale\mk\LC_MESSAGES\django.mo first seen with mtime 1708082774.7585354
File C:\Users\0405\AppData\Roaming\Python\Python312\site-packages\rest_framework\locale\nb\LC_MESSAGES\django.mo first seen with mtime 1708082774.7598946
File C:\Users\0405\AppData\Roaming\Python\Python312\site-packages\rest_framework\locale\ne_NP\LC_MESSAGES\django.mo first seen with mtime 1708082774.7615967
File C:\Users\0405\AppData\Roaming\Python\Python312\site-packages\rest_framework\locale\nl\LC_MESSAGES\django.mo first seen with mtime 1708082774.7637424
File C:\Users\0405\AppData\Roaming\Python\Python312\site-packages\rest_framework\locale\nn\LC_MESSAGES\django.mo first seen with mtime 1708082774.7657368
File C:\Users\0405\AppData\Roaming\Python\Python312\site-packages\rest_framework\locale\no\LC_MESSAGES\django.mo first seen with mtime 1708082774.766736
File C:\Users\0405\AppData\Roaming\Python\Python312\site-packages\rest_framework\locale\pl\LC_MESSAGES\django.mo first seen with mtime 1708082774.7694504
File C:\Users\0405\AppData\Roaming\Python\Python312\site-packages\rest_framework\locale\pt\LC_MESSAGES\django.mo first seen with mtime 1708082774.7714455
File C:\Users\0405\AppData\Roaming\Python\Python312\site-packages\rest_framework\locale\pt_BR\LC_MESSAGES\django.mo first seen with mtime 1708082774.7728732
File C:\Users\0405\AppData\Roaming\Python\Python312\site-packages\rest_framework\locale\pt_PT\LC_MESSAGES\django.mo first seen with mtime 1708082774.7752416
File C:\Users\0405\AppData\Roaming\Python\Python312\site-packages\rest_framework\locale\ro\LC_MESSAGES\django.mo first seen with mtime 1708082774.7826757
File C:\Users\0405\AppData\Roaming\Python\Python312\site-packages\rest_framework\locale\ru\LC_MESSAGES\django.mo first seen with mtime 1708082774.7846708
File C:\Users\0405\AppData\Roaming\Python\Python312\site-packages\rest_framework\locale\ru_RU\LC_MESSAGES\django.mo first seen with mtime 1708082774.7872024
File C:\Users\0405\AppData\Roaming\Python\Python312\site-packages\rest_framework\locale\sk\LC_MESSAGES\django.mo first seen with mtime 1708082774.7902362
File C:\Users\0405\AppData\Roaming\Python\Python312\site-packages\rest_framework\locale\sl\LC_MESSAGES\django.mo first seen with mtime 1708082774.7923386
File C:\Users\0405\AppData\Roaming\Python\Python312\site-packages\rest_framework\locale\sv\LC_MESSAGES\django.mo first seen with mtime 1708082774.7949529
File C:\Users\0405\AppData\Roaming\Python\Python312\site-packages\rest_framework\locale\th\LC_MESSAGES\django.mo first seen with mtime 1708082774.797174
File C:\Users\0405\AppData\Roaming\Python\Python312\site-packages\rest_framework\locale\tr\LC_MESSAGES\django.mo first seen with mtime 1708082774.7992387
File C:\Users\0405\AppData\Roaming\Python\Python312\site-packages\rest_framework\locale\tr_TR\LC_MESSAGES\django.mo first seen with mtime 1708082774.8019106
File C:\Users\0405\AppData\Roaming\Python\Python312\site-packages\rest_framework\locale\uk\LC_MESSAGES\django.mo first seen with mtime 1708082774.8046503
File C:\Users\0405\AppData\Roaming\Python\Python312\site-packages\rest_framework\locale\vi\LC_MESSAGES\django.mo first seen with mtime 1708082774.8076415
File C:\Users\0405\AppData\Roaming\Python\Python312\site-packages\rest_framework\locale\zh_CN\LC_MESSAGES\django.mo first seen with mtime 1708082774.8104591
File C:\Users\0405\AppData\Roaming\Python\Python312\site-packages\rest_framework\locale\zh_Hans\LC_MESSAGES\django.mo first seen with mtime 1708082774.8134072
File C:\Users\0405\AppData\Roaming\Python\Python312\site-packages\rest_framework\locale\zh_Hant\LC_MESSAGES\django.mo first seen with mtime 1708082774.8164196
File C:\Users\0405\AppData\Roaming\Python\Python312\site-packages\rest_framework\locale\zh_TW\LC_MESSAGES\django.mo first seen with mtime 1708082774.8184164
File C:\Licenta\WorkTimeManager\backend\worktimemanager\wsgi.py first seen with mtime 1708813540.1541402
File C:\Users\0405\AppData\Roaming\Python\Python312\site-packages\rest_framework\authtoken\migrations\__init__.py first seen with mtime 1708082774.6874864
File C:\Licenta\WorkTimeManager\backend\worktimemanager\migrations\0029_alter_employee_company.py first seen with mtime 1709637764.750198
File C:\Licenta\WorkTimeManager\backend\worktimemanager\migrations\0008_alter_angajat_data_angajarii_alter_hr_data_angajarii.py first seen with mtime 1708453048.2051156
File C:\Licenta\WorkTimeManager\backend\worktimemanager\migrations\0034_rename_department_employee_departament.py first seen with mtime 1709674843.9750743
File C:\Users\0405\AppData\Roaming\Python\Python312\site-packages\django\views\csrf.py first seen with mtime 1707916926.8198726
File C:\Users\0405\AppData\Roaming\Python\Python312\site-packages\django\contrib\admin\migrations\__init__.py first seen with mtime 1707916922.8758378
File C:\Users\0405\AppData\Roaming\Python\Python312\site-packages\django\contrib\auth\migrations\0005_alter_user_last_login_null.py first seen with mtime 1707916923.7388494
File C:\Licenta\WorkTimeManager\backend\worktimemanager\migrations\0004_alter_angajat_data_angajarii_alter_hr_data_angajarii.py first seen with mtime 1708452458.6105278
File C:\Licenta\WorkTimeManager\backend\worktimemanager\migrations\0035_rename_departament_employee_department.py first seen with mtime 1709674920.9799185
File C:\Users\0405\AppData\Roaming\Python\Python312\site-packages\django\contrib\contenttypes\migrations\0001_initial.py first seen with mtime 1707916924.0121052
File C:\Licenta\WorkTimeManager\backend\worktimemanager\migrations\0019_remove_user_is_staff.py first seen with mtime 1708685895.1150134
File C:\Users\0405\AppData\Roaming\Python\Python312\site-packages\django\contrib\auth\migrations\0004_alter_user_username_opts.py first seen with mtime 1707916923.737832
File C:\Licenta\WorkTimeManager\backend\worktimemanager\migrations\0007_angajat_data_angajarii_hr_data_angajarii.py first seen with mtime 1708452989.618004
File C:\Licenta\WorkTimeManager\backend\worktimemanager\migrations\0026_alter_owner_owner_name.py first seen with mtime 1709233032.6228285
File C:\Licenta\WorkTimeManager\backend\worktimemanager\migrations\0017_alter_user_is_superuser.py first seen with mtime 1708685261.6740806
File C:\Users\0405\AppData\Roaming\Python\Python312\site-packages\django\contrib\admin\migrations\0001_initial.py first seen with mtime 1707916922.8725383
File C:\Licenta\WorkTimeManager\backend\worktimemanager\migrations\0028_alter_user_options_rename_departament_hr_department_and_more.py first seen with mtime 1709637415.3651388
File C:\Users\0405\AppData\Roaming\Python\Python312\site-packages\django\contrib\sessions\migrations\__init__.py first seen with mtime 1707916925.8777878
File C:\Users\0405\AppData\Roaming\Python\Python312\site-packages\django\contrib\sessions\migrations\0001_initial.py first seen with mtime 1707916925.877393
File C:\Licenta\WorkTimeManager\backend\worktimemanager\migrations\0030_rename_departament_employee_department_and_more.py first seen with mtime 1709664021.6904597
File C:\Users\0405\AppData\Roaming\Python\Python312\site-packages\django\contrib\auth\migrations\0001_initial.py first seen with mtime 1707916923.7341373
File C:\Licenta\WorkTimeManager\backend\worktimemanager\migrations\0021_alter_user_options_remove_user_company_and_more.py first seen with mtime 1708688911.5026004
File C:\Licenta\WorkTimeManager\backend\worktimemanager\migrations\0003_alter_angajat_data_angajarii_alter_hr_data_angajarii.py first seen with mtime 1708452224.4984474
File C:\Users\0405\AppData\Roaming\Python\Python312\site-packages\django\db\migrations\graph.py first seen with mtime 1707916926.4520967
File C:\Licenta\WorkTimeManager\backend\worktimemanager\migrations\0012_remove_hr_departament.py first seen with mtime 1708456240.1908646
File C:\Users\0405\AppData\Roaming\Python\Python312\site-packages\django\db\migrations\loader.py first seen with mtime 1707916926.453849
File C:\Users\0405\AppData\Roaming\Python\Python312\site-packages\corsheaders\middleware.py first seen with mtime 1708082776.373182
File C:\Users\0405\AppData\Roaming\Python\Python312\site-packages\django\contrib\auth\migrations\0003_alter_user_email_max_length.py first seen with mtime 1707916923.7359707
File C:\Users\0405\AppData\Roaming\Python\Python312\site-packages\django\middleware\common.py first seen with mtime 1707916926.6850777
File C:\Users\0405\AppData\Roaming\Python\Python312\site-packages\django\db\migrations\executor.py first seen with mtime 1707916926.4516654
File C:\Licenta\WorkTimeManager\backend\worktimemanager\migrations\0014_hr_departament.py first seen with mtime 1708464384.4544158
File C:\Users\0405\AppData\Roaming\Python\Python312\site-packages\corsheaders\signals.py first seen with mtime 1708082776.376281
File C:\Users\0405\AppData\Roaming\Python\Python312\site-packages\django\contrib\messages\middleware.py first seen with mtime 1707916924.9866014
File C:\Licenta\WorkTimeManager\backend\worktimemanager\migrations\0024_alter_company_name_alter_owner_company.py first seen with mtime 1708792767.7293103
File C:\Licenta\WorkTimeManager\backend\worktimemanager\migrations\0027_alter_owner_company_alter_owner_owner_name_event.py first seen with mtime 1709277780.1913855
File C:\Licenta\WorkTimeManager\backend\worktimemanager\migrations\0013_rename_post_angajat_pozitie_rename_post_hr_pozitie.py first seen with mtime 1708456306.192713
File C:\Licenta\WorkTimeManager\backend\worktimemanager\migrations\0001_initial.py first seen with mtime 1708374092.2972095
File C:\Licenta\WorkTimeManager\backend\worktimemanager\migrations\__init__.py first seen with mtime 1708374092.2843614
File C:\Licenta\WorkTimeManager\backend\worktimemanager\migrations\0020_alter_user_groups_alter_user_user_permissions.py first seen with mtime 1708687901.2855337
File C:\Licenta\WorkTimeManager\backend\worktimemanager\migrations\0023_rename_nume_employee_name_rename_nume_hr_name_and_more.py first seen with mtime 1708791792.9890082
File C:\Users\0405\AppData\Roaming\Python\Python312\site-packages\django\contrib\auth\migrations\0009_alter_user_last_name_max_length.py first seen with mtime 1707916923.7424135
File C:\Users\0405\AppData\Roaming\Python\Python312\site-packages\django\middleware\clickjacking.py first seen with mtime 1707916926.6840801
File C:\Users\0405\AppData\Roaming\Python\Python312\site-packages\rest_framework\authtoken\migrations\0003_tokenproxy.py first seen with mtime 1708082774.6864815
File C:\Users\0405\AppData\Roaming\Python\Python312\site-packages\django\contrib\sessions\backends\db.py first seen with mtime 1707916925.5627294
File C:\Users\0405\AppData\Roaming\Python\Python312\site-packages\django\contrib\auth\migrations\0012_alter_user_first_name_max_length.py first seen with mtime 1707916923.745506
File C:\Users\0405\AppData\Roaming\Python\Python312\site-packages\django\contrib\contenttypes\migrations\0002_remove_content_type_name.py first seen with mtime 1707916924.0130765
File C:\Licenta\WorkTimeManager\backend\worktimemanager\migrations\0016_alter_user_last_login.py first seen with mtime 1708684884.8264608
File C:\Licenta\WorkTimeManager\backend\worktimemanager\migrations\0022_remove_user_date_joined_user_role_and_more.py first seen with mtime 1708718526.1548586
File C:\Users\0405\AppData\Roaming\Python\Python312\site-packages\django\contrib\admin\migrations\0002_logentry_remove_auto_add.py first seen with mtime 1707916922.8725383
File C:\Users\0405\AppData\Roaming\Python\Python312\site-packages\django\contrib\auth\migrations\0007_alter_validators_add_error_messages.py first seen with mtime 1707916923.7407959
File C:\Users\0405\AppData\Roaming\Python\Python312\site-packages\django\contrib\auth\migrations\0006_require_contenttypes_0002.py first seen with mtime 1707916923.7391472
File C:\Licenta\WorkTimeManager\backend\worktimemanager\migrations\0025_rename_nume_owner_owner_name_alter_user_role.py first seen with mtime 1709230728.561064
File C:\Licenta\WorkTimeManager\backend\worktimemanager\migrations\0011_angajat_data_angajarii_alter_hr_data_angajarii.py first seen with mtime 1708454688.749323
File C:\Users\0405\AppData\Roaming\Python\Python312\site-packages\rest_framework\authtoken\migrations\0002_auto_20160226_1747.py first seen with mtime 1708082774.6846304
File C:\Licenta\WorkTimeManager\backend\worktimemanager\migrations\0018_remove_company_description.py first seen with mtime 1708685698.5116475
File C:\Licenta\WorkTimeManager\backend\worktimemanager\migrations\0033_alter_employee_company.py first seen with mtime 1709673846.951571
File C:\Users\0405\AppData\Roaming\Python\Python312\site-packages\django\contrib\auth\migrations\0011_update_proxy_permissions.py first seen with mtime 1707916923.7451549
File C:\Users\0405\AppData\Roaming\Python\Python312\site-packages\django\contrib\sessions\exceptions.py first seen with mtime 1707916925.550746
File C:\Users\0405\AppData\Roaming\Python\Python312\site-packages\django\contrib\admin\migrations\0003_logentry_add_action_flag_choices.py first seen with mtime 1707916922.8749301
File C:\Licenta\WorkTimeManager\backend\worktimemanager\migrations\0032_employee_company_alter_company_founded_date_and_more.py first seen with mtime 1709673639.933944
File C:\Licenta\WorkTimeManager\backend\worktimemanager\migrations\0010_remove_angajat_data_angajarii_and_more.py first seen with mtime 1708454118.044029
File C:\Licenta\WorkTimeManager\backend\worktimemanager\migrations\0015_remove_hr_id_user_groups_user_is_staff_and_more.py first seen with mtime 1708684427.3014343
File C:\Users\0405\AppData\Roaming\Python\Python312\site-packages\django\contrib\contenttypes\migrations\__init__.py first seen with mtime 1707916924.0133946
File C:\Users\0405\AppData\Roaming\Python\Python312\site-packages\django\contrib\auth\migrations\__init__.py first seen with mtime 1707916923.7464905
File C:\Licenta\WorkTimeManager\backend\worktimemanager\migrations\0009_alter_angajat_data_angajarii_alter_hr_data_angajarii.py first seen with mtime 1708453241.4681878
File C:\Users\0405\AppData\Roaming\Python\Python312\site-packages\django\db\models\sql\compiler.py first seen with mtime 1707916926.527978
File C:\Users\0405\AppData\Roaming\Python\Python312\site-packages\django\contrib\auth\migrations\0008_alter_user_username_max_length.py first seen with mtime 1707916923.7417965
File C:\Licenta\WorkTimeManager\backend\worktimemanager\migrations\0031_remove_employee_company_delete_hr.py first seen with mtime 1709672429.2755103
File C:\Users\0405\AppData\Roaming\Python\Python312\site-packages\django\contrib\auth\migrations\0010_alter_group_name_max_length.py first seen with mtime 1707916923.7441492
File C:\Users\0405\AppData\Roaming\Python\Python312\site-packages\rest_framework\authtoken\migrations\0001_initial.py first seen with mtime 1708082774.6824048
File C:\Licenta\WorkTimeManager\backend\worktimemanager\migrations\0006_remove_angajat_data_angajarii_and_more.py first seen with mtime 1708452821.0122466
File C:\Licenta\WorkTimeManager\backend\worktimemanager\migrations\0002_rename_pozitie_angajat_post_and_more.py first seen with mtime 1708451598.0911255
File C:\Users\0405\AppData\Roaming\Python\Python312\site-packages\django\db\migrations\recorder.py first seen with mtime 1707916926.4581966
File C:\Users\0405\AppData\Roaming\Python\Python312\site-packages\django\contrib\auth\migrations\0002_alter_permission_name_max_length.py first seen with mtime 1707916923.7351358
File C:\Licenta\WorkTimeManager\backend\worktimemanager\migrations\0005_alter_angajat_data_angajarii_alter_hr_data_angajarii.py first seen with mtime 1708452755.439864
Forbidden: /hr-dashboard/
"GET /hr-dashboard/ HTTP/1.1" 403 183
Forbidden: /hr-dashboard/
"GET /hr-dashboard/ HTTP/1.1" 403 183
File C:\Users\0405\AppData\Roaming\Python\Python312\site-packages\rest_framework_simplejwt\state.py first seen with mtime 1708376834.2660768
File C:\Users\0405\AppData\Roaming\Python\Python312\site-packages\jwt\api_jwk.py first seen with mtime 1702923220.8023238
File C:\Users\0405\AppData\Roaming\Python\Python312\site-packages\jwt\warnings.py first seen with mtime 1702923220.8216398
File C:\Users\0405\AppData\Roaming\Python\Python312\site-packages\jwt\exceptions.py first seen with mtime 1702923220.810018
File C:\Users\0405\AppData\Roaming\Python\Python312\site-packages\django\contrib\sessions\serializers.py first seen with mtime 1707916925.5552044
File C:\Users\0405\AppData\Roaming\Python\Python312\site-packages\django\contrib\messages\storage\session.py first seen with mtime 1707916924.994177
File C:\Users\0405\AppData\Roaming\Python\Python312\site-packages\jwt\jwks_client.py first seen with mtime 1702923220.8162875
File C:\Users\0405\AppData\Roaming\Python\Python312\site-packages\jwt\types.py first seen with mtime 1702923220.8186405
File C:\Users\0405\AppData\Roaming\Python\Python312\site-packages\jwt\jwk_set_cache.py first seen with mtime 1702923220.8133602
File C:\Users\0405\AppData\Roaming\Python\Python312\site-packages\rest_framework_simplejwt\backends.py first seen with mtime 1708376834.2561035
File C:\Users\0405\AppData\Roaming\Python\Python312\site-packages\jwt\utils.py first seen with mtime 1702923220.8206422
File C:\Users\0405\AppData\Roaming\Python\Python312\site-packages\django\contrib\messages\storage\fallback.py first seen with mtime 1707916924.9932811
File C:\Users\0405\AppData\Roaming\Python\Python312\site-packages\jwt\algorithms.py first seen with mtime 1702923220.801198
File C:\Users\0405\AppData\Roaming\Python\Python312\site-packages\jwt\api_jws.py first seen with mtime 1702923220.8033235
File C:\Users\0405\AppData\Roaming\Python\Python312\site-packages\django\contrib\messages\storage\cookie.py first seen with mtime 1707916924.9922667
File C:\Users\0405\AppData\Roaming\Python\Python312\site-packages\jwt\api_jwt.py first seen with mtime 1702923220.8054588
File C:\Users\0405\AppData\Roaming\Python\Python312\site-packages\jwt\__init__.py first seen with mtime 1702923220.79909
(0.000) SELECT "django_session"."session_key", "django_session"."session_data", "django_session"."expire_date" FROM "django_session" WHERE ("django_session"."expire_date" > '2024-03-06T09:10:29.969372+00:00'::timestamptz AND "django_session"."session_key" = 'rvn2sstdujpemedlnjat94rrimvio2lz') LIMIT 21; args=(datetime.datetime(2024, 3, 6, 9, 10, 29, 969372, tzinfo=datetime.timezone.utc), 'rvn2sstdujpemedlnjat94rrimvio2lz'); alias=default
(0.000) SELECT "worktimemanager_user"."id", "worktimemanager_user"."password", "worktimemanager_user"."last_login", "worktimemanager_user"."is_superuser", "worktimemanager_user"."email", "worktimemanager_user"."is_staff", "worktimemanager_user"."is_active", "worktimemanager_user"."role" FROM "worktimemanager_user" WHERE "worktimemanager_user"."id" = 2 LIMIT 21; args=(2,); alias=default
(0.000) SELECT COUNT(*) AS "__count" FROM "worktimemanager_company"; args=(); alias=default
(0.000) SELECT COUNT(*) AS "__count" FROM "worktimemanager_company"; args=(); alias=default
(0.016) SELECT "worktimemanager_company"."id", "worktimemanager_company"."name", "worktimemanager_company"."address", "worktimemanager_company"."phone_number", "worktimemanager_company"."email", "worktimemanager_company"."industry", "worktimemanager_company"."number_of_employees", "worktimemanager_company"."founded_date" FROM "worktimemanager_company" ORDER BY "worktimemanager_company"."id" DESC; args=(); alias=default
Exception while resolving variable 'get_short_name' in template 'admin/change_list.html'.
Traceback (most recent call last):
  File "C:\Users\0405\AppData\Roaming\Python\Python312\site-packages\django\template\base.py", line 875, in _resolve_lookup
    current = current[bit]
              ~~~~~~~^^^^^
  File "C:\Users\0405\AppData\Roaming\Python\Python312\site-packages\django\utils\functional.py", line 253, in inner
    return func(_wrapped, *args)
           ^^^^^^^^^^^^^^^^^^^^^
TypeError: 'User' object is not subscriptable

During handling of the above exception, another exception occurred:

Traceback (most recent call last):
  File "C:\Users\0405\AppData\Roaming\Python\Python312\site-packages\django\template\base.py", line 885, in _resolve_lookup
    current = getattr(current, bit)
              ^^^^^^^^^^^^^^^^^^^^^
  File "C:\Users\0405\AppData\Roaming\Python\Python312\site-packages\django\utils\functional.py", line 253, in inner
    return func(_wrapped, *args)
           ^^^^^^^^^^^^^^^^^^^^^
AttributeError: 'User' object has no attribute 'get_short_name'

During handling of the above exception, another exception occurred:

Traceback (most recent call last):
  File "C:\Users\0405\AppData\Roaming\Python\Python312\site-packages\django\template\base.py", line 891, in _resolve_lookup
    current = current[int(bit)]
                      ^^^^^^^^
ValueError: invalid literal for int() with base 10: 'get_short_name'

During handling of the above exception, another exception occurred:

Traceback (most recent call last):
  File "C:\Users\0405\AppData\Roaming\Python\Python312\site-packages\django\template\base.py", line 898, in _resolve_lookup
    raise VariableDoesNotExist(
django.template.base.VariableDoesNotExist: Failed lookup for key [get_short_name] in <SimpleLazyObject: <User: cherejicarla@gmail.com>>
"GET /admin/worktimemanager/company/ HTTP/1.1" 200 10835
"GET /static/admin/css/base.css HTTP/1.1" 304 0
"GET /static/admin/css/dark_mode.css HTTP/1.1" 304 0
"GET /static/admin/css/responsive.css HTTP/1.1" 304 0
"GET /static/admin/css/nav_sidebar.css HTTP/1.1" 304 0
"GET /static/admin/js/theme.js HTTP/1.1" 304 0
"GET /static/admin/js/nav_sidebar.js HTTP/1.1" 304 0
(0.000) SELECT "django_session"."session_key", "django_session"."session_data", "django_session"."expire_date" FROM "django_session" WHERE ("django_session"."expire_date" > '2024-03-06T09:10:31.502965+00:00'::timestamptz AND "django_session"."session_key" = 'rvn2sstdujpemedlnjat94rrimvio2lz') LIMIT 21; args=(datetime.datetime(2024, 3, 6, 9, 10, 31, 502965, tzinfo=datetime.timezone.utc), 'rvn2sstdujpemedlnjat94rrimvio2lz'); alias=default
(0.000) SELECT "worktimemanager_user"."id", "worktimemanager_user"."password", "worktimemanager_user"."last_login", "worktimemanager_user"."is_superuser", "worktimemanager_user"."email", "worktimemanager_user"."is_staff", "worktimemanager_user"."is_active", "worktimemanager_user"."role" FROM "worktimemanager_user" WHERE "worktimemanager_user"."id" = 2 LIMIT 21; args=(2,); alias=default
"GET /admin/jsi18n/ HTTP/1.1" 200 3342
"GET /static/admin/img/icon-addlink.svg HTTP/1.1" 304 0
File C:\Users\0405\AppData\Roaming\Python\Python312\site-packages\django\conf\locale\en\__init__.py first seen with mtime 1707916921.712795
File C:\Users\0405\AppData\Roaming\Python\Python312\site-packages\django\contrib\staticfiles\storage.py first seen with mtime 1707916926.2088697
File C:\Users\0405\AppData\Roaming\Python\Python312\site-packages\tzdata\__init__.py first seen with mtime 1707916919.4991512
File C:\Users\0405\AppData\Roaming\Python\Python312\site-packages\tzdata\zoneinfo\__init__.py first seen with mtime 1707916919.5693622
File C:\Users\0405\AppData\Roaming\Python\Python312\site-packages\django\template\context_processors.py first seen with mtime 1707916926.6986809
File C:\Users\0405\AppData\Roaming\Python\Python312\site-packages\django\contrib\auth\context_processors.py first seen with mtime 1707916923.4091516
File C:\Users\0405\AppData\Roaming\Python\Python312\site-packages\django\contrib\messages\context_processors.py first seen with mtime 1707916924.9856853
File C:\Users\0405\AppData\Roaming\Python\Python312\site-packages\django\conf\locale\en\formats.py first seen with mtime 1707916921.7147896
(0.000) SELECT "django_session"."session_key", "django_session"."session_data", "django_session"."expire_date" FROM "django_session" WHERE ("django_session"."expire_date" > '2024-03-06T09:10:34.460437+00:00'::timestamptz AND "django_session"."session_key" = 'rvn2sstdujpemedlnjat94rrimvio2lz') LIMIT 21; args=(datetime.datetime(2024, 3, 6, 9, 10, 34, 460437, tzinfo=datetime.timezone.utc), 'rvn2sstdujpemedlnjat94rrimvio2lz'); alias=default
(0.000) SELECT "worktimemanager_user"."id", "worktimemanager_user"."password", "worktimemanager_user"."last_login", "worktimemanager_user"."is_superuser", "worktimemanager_user"."email", "worktimemanager_user"."is_staff", "worktimemanager_user"."is_active", "worktimemanager_user"."role" FROM "worktimemanager_user" WHERE "worktimemanager_user"."id" = 2 LIMIT 21; args=(2,); alias=default
(0.015) SELECT COUNT(*) AS "__count" FROM "worktimemanager_company"; args=(); alias=default
(0.000) SELECT COUNT(*) AS "__count" FROM "worktimemanager_company"; args=(); alias=default
(0.000) SELECT "worktimemanager_company"."id", "worktimemanager_company"."name", "worktimemanager_company"."address", "worktimemanager_company"."phone_number", "worktimemanager_company"."email", "worktimemanager_company"."industry", "worktimemanager_company"."number_of_employees", "worktimemanager_company"."founded_date" FROM "worktimemanager_company" ORDER BY "worktimemanager_company"."id" DESC; args=(); alias=default
Exception while resolving variable 'get_short_name' in template 'admin/change_list.html'.
Traceback (most recent call last):
  File "C:\Users\0405\AppData\Roaming\Python\Python312\site-packages\django\template\base.py", line 875, in _resolve_lookup
    current = current[bit]
              ~~~~~~~^^^^^
  File "C:\Users\0405\AppData\Roaming\Python\Python312\site-packages\django\utils\functional.py", line 253, in inner
    return func(_wrapped, *args)
           ^^^^^^^^^^^^^^^^^^^^^
TypeError: 'User' object is not subscriptable

During handling of the above exception, another exception occurred:

Traceback (most recent call last):
  File "C:\Users\0405\AppData\Roaming\Python\Python312\site-packages\django\template\base.py", line 885, in _resolve_lookup
    current = getattr(current, bit)
              ^^^^^^^^^^^^^^^^^^^^^
  File "C:\Users\0405\AppData\Roaming\Python\Python312\site-packages\django\utils\functional.py", line 253, in inner
    return func(_wrapped, *args)
           ^^^^^^^^^^^^^^^^^^^^^
AttributeError: 'User' object has no attribute 'get_short_name'

During handling of the above exception, another exception occurred:

Traceback (most recent call last):
  File "C:\Users\0405\AppData\Roaming\Python\Python312\site-packages\django\template\base.py", line 891, in _resolve_lookup
    current = current[int(bit)]
                      ^^^^^^^^
ValueError: invalid literal for int() with base 10: 'get_short_name'

During handling of the above exception, another exception occurred:

Traceback (most recent call last):
  File "C:\Users\0405\AppData\Roaming\Python\Python312\site-packages\django\template\base.py", line 898, in _resolve_lookup
    raise VariableDoesNotExist(
django.template.base.VariableDoesNotExist: Failed lookup for key [get_short_name] in <SimpleLazyObject: <User: cherejicarla@gmail.com>>
"GET /admin/worktimemanager/company/ HTTP/1.1" 200 10835
(0.015) SELECT "django_session"."session_key", "django_session"."session_data", "django_session"."expire_date" FROM "django_session" WHERE ("django_session"."expire_date" > '2024-03-06T09:10:34.679311+00:00'::timestamptz AND "django_session"."session_key" = 'rvn2sstdujpemedlnjat94rrimvio2lz') LIMIT 21; args=(datetime.datetime(2024, 3, 6, 9, 10, 34, 679311, tzinfo=datetime.timezone.utc), 'rvn2sstdujpemedlnjat94rrimvio2lz'); alias=default
(0.000) SELECT "worktimemanager_user"."id", "worktimemanager_user"."password", "worktimemanager_user"."last_login", "worktimemanager_user"."is_superuser", "worktimemanager_user"."email", "worktimemanager_user"."is_staff", "worktimemanager_user"."is_active", "worktimemanager_user"."role" FROM "worktimemanager_user" WHERE "worktimemanager_user"."id" = 2 LIMIT 21; args=(2,); alias=default
"GET /admin/jsi18n/ HTTP/1.1" 200 3342
(0.015) SELECT "django_session"."session_key", "django_session"."session_data", "django_session"."expire_date" FROM "django_session" WHERE ("django_session"."expire_date" > '2024-03-06T09:10:56.507431+00:00'::timestamptz AND "django_session"."session_key" = 'rvn2sstdujpemedlnjat94rrimvio2lz') LIMIT 21; args=(datetime.datetime(2024, 3, 6, 9, 10, 56, 507431, tzinfo=datetime.timezone.utc), 'rvn2sstdujpemedlnjat94rrimvio2lz'); alias=default
(0.000) SELECT "worktimemanager_user"."id", "worktimemanager_user"."password", "worktimemanager_user"."last_login", "worktimemanager_user"."is_superuser", "worktimemanager_user"."email", "worktimemanager_user"."is_staff", "worktimemanager_user"."is_active", "worktimemanager_user"."role" FROM "worktimemanager_user" WHERE "worktimemanager_user"."id" = 2 LIMIT 21; args=(2,); alias=default
(0.000) SELECT COUNT(*) AS "__count" FROM "worktimemanager_user"; args=(); alias=default
(0.000) SELECT COUNT(*) AS "__count" FROM "worktimemanager_user"; args=(); alias=default
(0.000) SELECT "worktimemanager_user"."id", "worktimemanager_user"."password", "worktimemanager_user"."last_login", "worktimemanager_user"."is_superuser", "worktimemanager_user"."email", "worktimemanager_user"."is_staff", "worktimemanager_user"."is_active", "worktimemanager_user"."role" FROM "worktimemanager_user" ORDER BY "worktimemanager_user"."id" DESC; args=(); alias=default
Exception while resolving variable 'get_short_name' in template 'admin/change_list.html'.
Traceback (most recent call last):
  File "C:\Users\0405\AppData\Roaming\Python\Python312\site-packages\django\template\base.py", line 875, in _resolve_lookup
    current = current[bit]
              ~~~~~~~^^^^^
  File "C:\Users\0405\AppData\Roaming\Python\Python312\site-packages\django\utils\functional.py", line 253, in inner
    return func(_wrapped, *args)
           ^^^^^^^^^^^^^^^^^^^^^
TypeError: 'User' object is not subscriptable

During handling of the above exception, another exception occurred:

Traceback (most recent call last):
  File "C:\Users\0405\AppData\Roaming\Python\Python312\site-packages\django\template\base.py", line 885, in _resolve_lookup
    current = getattr(current, bit)
              ^^^^^^^^^^^^^^^^^^^^^
  File "C:\Users\0405\AppData\Roaming\Python\Python312\site-packages\django\utils\functional.py", line 253, in inner
    return func(_wrapped, *args)
           ^^^^^^^^^^^^^^^^^^^^^
AttributeError: 'User' object has no attribute 'get_short_name'

During handling of the above exception, another exception occurred:

Traceback (most recent call last):
  File "C:\Users\0405\AppData\Roaming\Python\Python312\site-packages\django\template\base.py", line 891, in _resolve_lookup
    current = current[int(bit)]
                      ^^^^^^^^
ValueError: invalid literal for int() with base 10: 'get_short_name'

During handling of the above exception, another exception occurred:

Traceback (most recent call last):
  File "C:\Users\0405\AppData\Roaming\Python\Python312\site-packages\django\template\base.py", line 898, in _resolve_lookup
    raise VariableDoesNotExist(
django.template.base.VariableDoesNotExist: Failed lookup for key [get_short_name] in <SimpleLazyObject: <User: cherejicarla@gmail.com>>
"GET /admin/worktimemanager/user/ HTTP/1.1" 200 11504
(0.000) SELECT "django_session"."session_key", "django_session"."session_data", "django_session"."expire_date" FROM "django_session" WHERE ("django_session"."expire_date" > '2024-03-06T09:10:56.768512+00:00'::timestamptz AND "django_session"."session_key" = 'rvn2sstdujpemedlnjat94rrimvio2lz') LIMIT 21; args=(datetime.datetime(2024, 3, 6, 9, 10, 56, 768512, tzinfo=datetime.timezone.utc), 'rvn2sstdujpemedlnjat94rrimvio2lz'); alias=default
(0.000) SELECT "worktimemanager_user"."id", "worktimemanager_user"."password", "worktimemanager_user"."last_login", "worktimemanager_user"."is_superuser", "worktimemanager_user"."email", "worktimemanager_user"."is_staff", "worktimemanager_user"."is_active", "worktimemanager_user"."role" FROM "worktimemanager_user" WHERE "worktimemanager_user"."id" = 2 LIMIT 21; args=(2,); alias=default
"GET /admin/jsi18n/ HTTP/1.1" 200 3342
File C:\Licenta\WorkTimeManager\backend\worktimemanager\settings.py previous mtime: 1709716174.8864446, current mtime: 1709716309.0112245
C:\Licenta\WorkTimeManager\backend\worktimemanager\settings.py notified as changed. Signal results: [(<function template_changed at 0x000001C786EBAE80>, None), (<function translation_file_changed at 0x000001C787FF4F40>, None)].
C:\Licenta\WorkTimeManager\backend\worktimemanager\settings.py changed, reloading.
